{"meta": {"format": 3, "version": "7.11.0", "timestamp": "2025-12-08T13:30:18.090777", "branch_coverage": false, "show_contexts": false}, "files": {"sdk/memorygraphsdk/__init__.py": {"executed_lines": [1, 16, 17, 18, 26, 38, 39], "summary": {"covered_lines": 6, "num_statements": 6, "percent_covered": 100.0, "percent_covered_display": "100", "missing_lines": 0, "excluded_lines": 0}, "missing_lines": [], "excluded_lines": [], "functions": {"": {"executed_lines": [1, 16, 17, 18, 26, 38, 39], "summary": {"covered_lines": 6, "num_statements": 6, "percent_covered": 100.0, "percent_covered_display": "100", "missing_lines": 0, "excluded_lines": 0}, "missing_lines": [], "excluded_lines": []}}, "classes": {"": {"executed_lines": [1, 16, 17, 18, 26, 38, 39], "summary": {"covered_lines": 6, "num_statements": 6, "percent_covered": 100.0, "percent_covered_display": "100", "missing_lines": 0, "excluded_lines": 0}, "missing_lines": [], "excluded_lines": []}}}, "sdk/memorygraphsdk/async_client.py": {"executed_lines": [1, 4, 5, 7, 9, 17, 20, 21, 34, 53, 54, 55, 56, 61, 62, 63, 71, 96, 103, 105, 108, 109, 110, 112, 123, 124, 128, 129, 131, 154, 155, 156, 157, 159, 161, 163, 166, 170, 171, 173, 183, 184, 185, 187, 210, 214, 215, 216, 218, 220, 223, 224, 225, 226, 228, 261, 284, 291, 294, 295, 296, 298, 329, 331, 333, 335, 337, 339, 341, 356, 357, 359, 360, 361, 362, 363, 364], "summary": {"covered_lines": 75, "num_statements": 106, "percent_covered": 70.75471698113208, "percent_covered_display": "71", "missing_lines": 31, "excluded_lines": 0}, "missing_lines": [104, 106, 158, 160, 162, 164, 217, 219, 221, 247, 251, 252, 253, 254, 256, 257, 258, 259, 292, 315, 318, 319, 321, 325, 326, 327, 365, 366, 367, 368, 370], "excluded_lines": [], "functions": {"AsyncMemoryGraphClient.__init__": {"executed_lines": [53, 54, 55, 56, 61, 62, 63], "summary": {"covered_lines": 7, "num_statements": 7, "percent_covered": 100.0, "percent_covered_display": "100", "missing_lines": 0, "excluded_lines": 0}, "missing_lines": [], "excluded_lines": []}, "AsyncMemoryGraphClient.create_memory": {"executed_lines": [96, 103, 105, 108, 109, 110], "summary": {"covered_lines": 6, "num_statements": 8, "percent_covered": 75.0, "percent_covered_display": "75", "missing_lines": 2, "excluded_lines": 0}, "missing_lines": [104, 106], "excluded_lines": []}, "AsyncMemoryGraphClient.get_memory": {"executed_lines": [123, 124, 128, 129], "summary": {"covered_lines": 4, "num_statements": 4, "percent_covered": 100.0, "percent_covered_display": "100", "missing_lines": 0, "excluded_lines": 0}, "missing_lines": [], "excluded_lines": []}, "AsyncMemoryGraphClient.update_memory": {"executed_lines": [154, 155, 156, 157, 159, 161, 163, 166, 170, 171], "summary": {"covered_lines": 10, "num_statements": 14, "percent_covered": 71.42857142857143, "percent_covered_display": "71", "missing_lines": 4, "excluded_lines": 0}, "missing_lines": [158, 160, 162, 164], "excluded_lines": []}, "AsyncMemoryGraphClient.delete_memory": {"executed_lines": [183, 184, 185], "summary": {"covered_lines": 3, "num_statements": 3, "percent_covered": 100.0, "percent_covered_display": "100", "missing_lines": 0, "excluded_lines": 0}, "missing_lines": [], "excluded_lines": []}, "AsyncMemoryGraphClient.search_memories": {"executed_lines": [210, 214, 215, 216, 218, 220, 223, 224, 225, 226], "summary": {"covered_lines": 10, "num_statements": 13, "percent_covered": 76.92307692307692, "percent_covered_display": "77", "missing_lines": 3, "excluded_lines": 0}, "missing_lines": [217, 219, 221], "excluded_lines": []}, "AsyncMemoryGraphClient.recall_memories": {"executed_lines": [], "summary": {"covered_lines": 0, "num_statements": 9, "percent_covered": 0.0, "percent_covered_display": "0", "missing_lines": 9, "excluded_lines": 0}, "missing_lines": [247, 251, 252, 253, 254, 256, 257, 258, 259], "excluded_lines": []}, "AsyncMemoryGraphClient.create_relationship": {"executed_lines": [284, 291, 294, 295, 296], "summary": {"covered_lines": 5, "num_statements": 6, "percent_covered": 83.33333333333333, "percent_covered_display": "83", "missing_lines": 1, "excluded_lines": 0}, "missing_lines": [292], "excluded_lines": []}, "AsyncMemoryGraphClient.get_related_memories": {"executed_lines": [], "summary": {"covered_lines": 0, "num_statements": 7, "percent_covered": 0.0, "percent_covered_display": "0", "missing_lines": 7, "excluded_lines": 0}, "missing_lines": [315, 318, 319, 321, 325, 326, 327], "excluded_lines": []}, "AsyncMemoryGraphClient.close": {"executed_lines": [331], "summary": {"covered_lines": 1, "num_statements": 1, "percent_covered": 100.0, "percent_covered_display": "100", "missing_lines": 0, "excluded_lines": 0}, "missing_lines": [], "excluded_lines": []}, "AsyncMemoryGraphClient.__aenter__": {"executed_lines": [335], "summary": {"covered_lines": 1, "num_statements": 1, "percent_covered": 100.0, "percent_covered_display": "100", "missing_lines": 0, "excluded_lines": 0}, "missing_lines": [], "excluded_lines": []}, "AsyncMemoryGraphClient.__aexit__": {"executed_lines": [339], "summary": {"covered_lines": 1, "num_statements": 1, "percent_covered": 100.0, "percent_covered_display": "100", "missing_lines": 0, "excluded_lines": 0}, "missing_lines": [], "excluded_lines": []}, "AsyncMemoryGraphClient._check_response": {"executed_lines": [356, 357, 359, 360, 361, 362, 363, 364], "summary": {"covered_lines": 8, "num_statements": 13, "percent_covered": 61.53846153846154, "percent_covered_display": "62", "missing_lines": 5, "excluded_lines": 0}, "missing_lines": [365, 366, 367, 368, 370], "excluded_lines": []}, "": {"executed_lines": [1, 4, 5, 7, 9, 17, 20, 21, 34, 71, 112, 131, 173, 187, 228, 261, 298, 329, 333, 337, 341], "summary": {"covered_lines": 19, "num_statements": 19, "percent_covered": 100.0, "percent_covered_display": "100", "missing_lines": 0, "excluded_lines": 0}, "missing_lines": [], "excluded_lines": []}}, "classes": {"AsyncMemoryGraphClient": {"executed_lines": [53, 54, 55, 56, 61, 62, 63, 96, 103, 105, 108, 109, 110, 123, 124, 128, 129, 154, 155, 156, 157, 159, 161, 163, 166, 170, 171, 183, 184, 185, 210, 214, 215, 216, 218, 220, 223, 224, 225, 226, 284, 291, 294, 295, 296, 331, 335, 339, 356, 357, 359, 360, 361, 362, 363, 364], "summary": {"covered_lines": 56, "num_statements": 87, "percent_covered": 64.36781609195403, "percent_covered_display": "64", "missing_lines": 31, "excluded_lines": 0}, "missing_lines": [104, 106, 158, 160, 162, 164, 217, 219, 221, 247, 251, 252, 253, 254, 256, 257, 258, 259, 292, 315, 318, 319, 321, 325, 326, 327, 365, 366, 367, 368, 370], "excluded_lines": []}, "": {"executed_lines": [1, 4, 5, 7, 9, 17, 20, 21, 34, 71, 112, 131, 173, 187, 228, 261, 298, 329, 333, 337, 341], "summary": {"covered_lines": 19, "num_statements": 19, "percent_covered": 100.0, "percent_covered_display": "100", "missing_lines": 0, "excluded_lines": 0}, "missing_lines": [], "excluded_lines": []}}}, "sdk/memorygraphsdk/client.py": {"executed_lines": [1, 4, 5, 7, 9, 17, 20, 21, 38, 57, 58, 59, 60, 65, 66, 67, 75, 100, 107, 109, 112, 113, 114, 116, 127, 128, 132, 133, 135, 158, 159, 160, 161, 163, 165, 167, 170, 174, 175, 177, 187, 188, 189, 191, 214, 218, 219, 220, 222, 224, 227, 228, 229, 230, 232, 267, 290, 297, 300, 301, 302, 304, 321, 324, 327, 331, 332, 333, 335, 337, 339, 341, 343, 345, 347, 362, 363, 365, 366, 367, 368, 369, 370, 371, 372], "summary": {"covered_lines": 83, "num_statements": 106, "percent_covered": 78.30188679245283, "percent_covered_display": "78", "missing_lines": 23, "excluded_lines": 0}, "missing_lines": [108, 110, 162, 164, 166, 168, 221, 223, 225, 253, 257, 258, 259, 260, 262, 263, 264, 265, 298, 325, 373, 374, 376], "excluded_lines": [], "functions": {"MemoryGraphClient.__init__": {"executed_lines": [57, 58, 59, 60, 65, 66, 67], "summary": {"covered_lines": 7, "num_statements": 7, "percent_covered": 100.0, "percent_covered_display": "100", "missing_lines": 0, "excluded_lines": 0}, "missing_lines": [], "excluded_lines": []}, "MemoryGraphClient.create_memory": {"executed_lines": [100, 107, 109, 112, 113, 114], "summary": {"covered_lines": 6, "num_statements": 8, "percent_covered": 75.0, "percent_covered_display": "75", "missing_lines": 2, "excluded_lines": 0}, "missing_lines": [108, 110], "excluded_lines": []}, "MemoryGraphClient.get_memory": {"executed_lines": [127, 128, 132, 133], "summary": {"covered_lines": 4, "num_statements": 4, "percent_covered": 100.0, "percent_covered_display": "100", "missing_lines": 0, "excluded_lines": 0}, "missing_lines": [], "excluded_lines": []}, "MemoryGraphClient.update_memory": {"executed_lines": [158, 159, 160, 161, 163, 165, 167, 170, 174, 175], "summary": {"covered_lines": 10, "num_statements": 14, "percent_covered": 71.42857142857143, "percent_covered_display": "71", "missing_lines": 4, "excluded_lines": 0}, "missing_lines": [162, 164, 166, 168], "excluded_lines": []}, "MemoryGraphClient.delete_memory": {"executed_lines": [187, 188, 189], "summary": {"covered_lines": 3, "num_statements": 3, "percent_covered": 100.0, "percent_covered_display": "100", "missing_lines": 0, "excluded_lines": 0}, "missing_lines": [], "excluded_lines": []}, "MemoryGraphClient.search_memories": {"executed_lines": [214, 218, 219, 220, 222, 224, 227, 228, 229, 230], "summary": {"covered_lines": 10, "num_statements": 13, "percent_covered": 76.92307692307692, "percent_covered_display": "77", "missing_lines": 3, "excluded_lines": 0}, "missing_lines": [221, 223, 225], "excluded_lines": []}, "MemoryGraphClient.recall_memories": {"executed_lines": [], "summary": {"covered_lines": 0, "num_statements": 9, "percent_covered": 0.0, "percent_covered_display": "0", "missing_lines": 9, "excluded_lines": 0}, "missing_lines": [253, 257, 258, 259, 260, 262, 263, 264, 265], "excluded_lines": []}, "MemoryGraphClient.create_relationship": {"executed_lines": [290, 297, 300, 301, 302], "summary": {"covered_lines": 5, "num_statements": 6, "percent_covered": 83.33333333333333, "percent_covered_display": "83", "missing_lines": 1, "excluded_lines": 0}, "missing_lines": [298], "excluded_lines": []}, "MemoryGraphClient.get_related_memories": {"executed_lines": [321, 324, 327, 331, 332, 333], "summary": {"covered_lines": 6, "num_statements": 7, "percent_covered": 85.71428571428571, "percent_covered_display": "86", "missing_lines": 1, "excluded_lines": 0}, "missing_lines": [325], "excluded_lines": []}, "MemoryGraphClient.close": {"executed_lines": [337], "summary": {"covered_lines": 1, "num_statements": 1, "percent_covered": 100.0, "percent_covered_display": "100", "missing_lines": 0, "excluded_lines": 0}, "missing_lines": [], "excluded_lines": []}, "MemoryGraphClient.__enter__": {"executed_lines": [341], "summary": {"covered_lines": 1, "num_statements": 1, "percent_covered": 100.0, "percent_covered_display": "100", "missing_lines": 0, "excluded_lines": 0}, "missing_lines": [], "excluded_lines": []}, "MemoryGraphClient.__exit__": {"executed_lines": [345], "summary": {"covered_lines": 1, "num_statements": 1, "percent_covered": 100.0, "percent_covered_display": "100", "missing_lines": 0, "excluded_lines": 0}, "missing_lines": [], "excluded_lines": []}, "MemoryGraphClient._check_response": {"executed_lines": [362, 363, 365, 366, 367, 368, 369, 370, 371, 372], "summary": {"covered_lines": 10, "num_statements": 13, "percent_covered": 76.92307692307692, "percent_covered_display": "77", "missing_lines": 3, "excluded_lines": 0}, "missing_lines": [373, 374, 376], "excluded_lines": []}, "": {"executed_lines": [1, 4, 5, 7, 9, 17, 20, 21, 38, 75, 116, 135, 177, 191, 232, 267, 304, 335, 339, 343, 347], "summary": {"covered_lines": 19, "num_statements": 19, "percent_covered": 100.0, "percent_covered_display": "100", "missing_lines": 0, "excluded_lines": 0}, "missing_lines": [], "excluded_lines": []}}, "classes": {"MemoryGraphClient": {"executed_lines": [57, 58, 59, 60, 65, 66, 67, 100, 107, 109, 112, 113, 114, 127, 128, 132, 133, 158, 159, 160, 161, 163, 165, 167, 170, 174, 175, 187, 188, 189, 214, 218, 219, 220, 222, 224, 227, 228, 229, 230, 290, 297, 300, 301, 302, 321, 324, 327, 331, 332, 333, 337, 341, 345, 362, 363, 365, 366, 367, 368, 369, 370, 371, 372], "summary": {"covered_lines": 64, "num_statements": 87, "percent_covered": 73.5632183908046, "percent_covered_display": "74", "missing_lines": 23, "excluded_lines": 0}, "missing_lines": [108, 110, 162, 164, 166, 168, 221, 223, 225, 253, 257, 258, 259, 260, 262, 263, 264, 265, 298, 325, 373, 374, 376], "excluded_lines": []}, "": {"executed_lines": [1, 4, 5, 7, 9, 17, 20, 21, 38, 75, 116, 135, 177, 191, 232, 267, 304, 335, 339, 343, 347], "summary": {"covered_lines": 19, "num_statements": 19, "percent_covered": 100.0, "percent_covered_display": "100", "missing_lines": 0, "excluded_lines": 0}, "missing_lines": [], "excluded_lines": []}}}, "sdk/memorygraphsdk/exceptions.py": {"executed_lines": [1, 6, 7, 9, 10, 11, 12, 15, 16, 18, 19, 22, 23, 25, 26, 29, 30, 32, 33, 36, 37, 39, 40, 43, 44, 46], "summary": {"covered_lines": 19, "num_statements": 20, "percent_covered": 95.0, "percent_covered_display": "95", "missing_lines": 1, "excluded_lines": 0}, "missing_lines": [47], "excluded_lines": [], "functions": {"MemoryGraphError.__init__": {"executed_lines": [10, 11, 12], "summary": {"covered_lines": 3, "num_statements": 3, "percent_covered": 100.0, "percent_covered_display": "100", "missing_lines": 0, "excluded_lines": 0}, "missing_lines": [], "excluded_lines": []}, "AuthenticationError.__init__": {"executed_lines": [19], "summary": {"covered_lines": 1, "num_statements": 1, "percent_covered": 100.0, "percent_covered_display": "100", "missing_lines": 0, "excluded_lines": 0}, "missing_lines": [], "excluded_lines": []}, "RateLimitError.__init__": {"executed_lines": [26], "summary": {"covered_lines": 1, "num_statements": 1, "percent_covered": 100.0, "percent_covered_display": "100", "missing_lines": 0, "excluded_lines": 0}, "missing_lines": [], "excluded_lines": []}, "NotFoundError.__init__": {"executed_lines": [33], "summary": {"covered_lines": 1, "num_statements": 1, "percent_covered": 100.0, "percent_covered_display": "100", "missing_lines": 0, "excluded_lines": 0}, "missing_lines": [], "excluded_lines": []}, "ValidationError.__init__": {"executed_lines": [40], "summary": {"covered_lines": 1, "num_statements": 1, "percent_covered": 100.0, "percent_covered_display": "100", "missing_lines": 0, "excluded_lines": 0}, "missing_lines": [], "excluded_lines": []}, "ServerError.__init__": {"executed_lines": [], "summary": {"covered_lines": 0, "num_statements": 1, "percent_covered": 0.0, "percent_covered_display": "0", "missing_lines": 1, "excluded_lines": 0}, "missing_lines": [47], "excluded_lines": []}, "": {"executed_lines": [1, 6, 7, 9, 15, 16, 18, 22, 23, 25, 29, 30, 32, 36, 37, 39, 43, 44, 46], "summary": {"covered_lines": 12, "num_statements": 12, "percent_covered": 100.0, "percent_covered_display": "100", "missing_lines": 0, "excluded_lines": 0}, "missing_lines": [], "excluded_lines": []}}, "classes": {"MemoryGraphError": {"executed_lines": [10, 11, 12], "summary": {"covered_lines": 3, "num_statements": 3, "percent_covered": 100.0, "percent_covered_display": "100", "missing_lines": 0, "excluded_lines": 0}, "missing_lines": [], "excluded_lines": []}, "AuthenticationError": {"executed_lines": [19], "summary": {"covered_lines": 1, "num_statements": 1, "percent_covered": 100.0, "percent_covered_display": "100", "missing_lines": 0, "excluded_lines": 0}, "missing_lines": [], "excluded_lines": []}, "RateLimitError": {"executed_lines": [26], "summary": {"covered_lines": 1, "num_statements": 1, "percent_covered": 100.0, "percent_covered_display": "100", "missing_lines": 0, "excluded_lines": 0}, "missing_lines": [], "excluded_lines": []}, "NotFoundError": {"executed_lines": [33], "summary": {"covered_lines": 1, "num_statements": 1, "percent_covered": 100.0, "percent_covered_display": "100", "missing_lines": 0, "excluded_lines": 0}, "missing_lines": [], "excluded_lines": []}, "ValidationError": {"executed_lines": [40], "summary": {"covered_lines": 1, "num_statements": 1, "percent_covered": 100.0, "percent_covered_display": "100", "missing_lines": 0, "excluded_lines": 0}, "missing_lines": [], "excluded_lines": []}, "ServerError": {"executed_lines": [], "summary": {"covered_lines": 0, "num_statements": 1, "percent_covered": 0.0, "percent_covered_display": "0", "missing_lines": 1, "excluded_lines": 0}, "missing_lines": [47], "excluded_lines": []}, "": {"executed_lines": [1, 6, 7, 9, 15, 16, 18, 22, 23, 25, 29, 30, 32, 36, 37, 39, 43, 44, 46], "summary": {"covered_lines": 12, "num_statements": 12, "percent_covered": 100.0, "percent_covered_display": "100", "missing_lines": 0, "excluded_lines": 0}, "missing_lines": [], "excluded_lines": []}}}, "sdk/memorygraphsdk/integrations/__init__.py": {"executed_lines": [1, 20], "summary": {"covered_lines": 1, "num_statements": 1, "percent_covered": 100.0, "percent_covered_display": "100", "missing_lines": 0, "excluded_lines": 0}, "missing_lines": [], "excluded_lines": [], "functions": {"": {"executed_lines": [1, 20], "summary": {"covered_lines": 1, "num_statements": 1, "percent_covered": 100.0, "percent_covered_display": "100", "missing_lines": 0, "excluded_lines": 0}, "missing_lines": [], "excluded_lines": []}}, "classes": {"": {"executed_lines": [1, 20], "summary": {"covered_lines": 1, "num_statements": 1, "percent_covered": 100.0, "percent_covered_display": "100", "missing_lines": 0, "excluded_lines": 0}, "missing_lines": [], "excluded_lines": []}}}, "sdk/memorygraphsdk/integrations/autogen.py": {"executed_lines": [1, 19, 21, 22, 24, 25, 27, 30, 31, 67, 81, 82, 84, 106, 112, 113, 116, 129, 148, 154, 156, 164, 183, 185, 199, 201, 203, 205, 207, 211, 221], "summary": {"covered_lines": 29, "num_statements": 32, "percent_covered": 90.625, "percent_covered_display": "91", "missing_lines": 3, "excluded_lines": 0}, "missing_lines": [23, 213, 214], "excluded_lines": [], "functions": {"MemoryGraphAutoGenHistory.__init__": {"executed_lines": [81, 82], "summary": {"covered_lines": 2, "num_statements": 2, "percent_covered": 100.0, "percent_covered_display": "100", "missing_lines": 0, "excluded_lines": 0}, "missing_lines": [], "excluded_lines": []}, "MemoryGraphAutoGenHistory.add_message": {"executed_lines": [106, 112, 113, 116], "summary": {"covered_lines": 4, "num_statements": 4, "percent_covered": 100.0, "percent_covered_display": "100", "missing_lines": 0, "excluded_lines": 0}, "missing_lines": [], "excluded_lines": []}, "MemoryGraphAutoGenHistory.get_messages": {"executed_lines": [148, 154, 156], "summary": {"covered_lines": 3, "num_statements": 3, "percent_covered": 100.0, "percent_covered_display": "100", "missing_lines": 0, "excluded_lines": 0}, "missing_lines": [], "excluded_lines": []}, "MemoryGraphAutoGenHistory.clear": {"executed_lines": [183], "summary": {"covered_lines": 1, "num_statements": 1, "percent_covered": 100.0, "percent_covered_display": "100", "missing_lines": 0, "excluded_lines": 0}, "missing_lines": [], "excluded_lines": []}, "MemoryGraphAutoGenHistory.close": {"executed_lines": [199], "summary": {"covered_lines": 1, "num_statements": 1, "percent_covered": 100.0, "percent_covered_display": "100", "missing_lines": 0, "excluded_lines": 0}, "missing_lines": [], "excluded_lines": []}, "MemoryGraphAutoGenHistory.__enter__": {"executed_lines": [203], "summary": {"covered_lines": 1, "num_statements": 1, "percent_covered": 100.0, "percent_covered_display": "100", "missing_lines": 0, "excluded_lines": 0}, "missing_lines": [], "excluded_lines": []}, "MemoryGraphAutoGenHistory.__exit__": {"executed_lines": [207], "summary": {"covered_lines": 1, "num_statements": 1, "percent_covered": 100.0, "percent_covered_display": "100", "missing_lines": 0, "excluded_lines": 0}, "missing_lines": [], "excluded_lines": []}, "_check_autogen_available": {"executed_lines": [], "summary": {"covered_lines": 0, "num_statements": 2, "percent_covered": 0.0, "percent_covered_display": "0", "missing_lines": 2, "excluded_lines": 0}, "missing_lines": [213, 214], "excluded_lines": []}, "": {"executed_lines": [1, 19, 21, 22, 24, 25, 27, 30, 31, 67, 84, 129, 164, 185, 201, 205, 211, 221], "summary": {"covered_lines": 16, "num_statements": 17, "percent_covered": 94.11764705882354, "percent_covered_display": "94", "missing_lines": 1, "excluded_lines": 0}, "missing_lines": [23], "excluded_lines": []}}, "classes": {"MemoryGraphAutoGenHistory": {"executed_lines": [81, 82, 106, 112, 113, 116, 148, 154, 156, 183, 199, 203, 207], "summary": {"covered_lines": 13, "num_statements": 13, "percent_covered": 100.0, "percent_covered_display": "100", "missing_lines": 0, "excluded_lines": 0}, "missing_lines": [], "excluded_lines": []}, "": {"executed_lines": [1, 19, 21, 22, 24, 25, 27, 30, 31, 67, 84, 129, 164, 185, 201, 205, 211, 221], "summary": {"covered_lines": 16, "num_statements": 19, "percent_covered": 84.21052631578948, "percent_covered_display": "84", "missing_lines": 3, "excluded_lines": 0}, "missing_lines": [23, 213, 214], "excluded_lines": []}}}, "sdk/memorygraphsdk/integrations/crewai.py": {"executed_lines": [1, 20, 22, 25, 31, 32, 33, 35, 36, 37, 40, 41, 66, 80, 81, 83, 104, 107, 108, 109, 112, 113, 115, 116, 117, 118, 119, 122, 131, 148, 155, 171, 187, 194, 195, 197, 199, 211, 213, 219, 221, 235, 237, 239, 241, 243], "summary": {"covered_lines": 42, "num_statements": 42, "percent_covered": 100.0, "percent_covered_display": "100", "missing_lines": 0, "excluded_lines": 5}, "missing_lines": [], "excluded_lines": [25, 26, 27, 28, 29], "functions": {"MemoryGraphCrewMemory.__init__": {"executed_lines": [80, 81], "summary": {"covered_lines": 2, "num_statements": 2, "percent_covered": 100.0, "percent_covered_display": "100", "missing_lines": 0, "excluded_lines": 0}, "missing_lines": [], "excluded_lines": []}, "MemoryGraphCrewMemory.save": {"executed_lines": [104, 107, 108, 109, 112, 113, 115, 116, 117, 118, 119, 122], "summary": {"covered_lines": 12, "num_statements": 12, "percent_covered": 100.0, "percent_covered_display": "100", "missing_lines": 0, "excluded_lines": 0}, "missing_lines": [], "excluded_lines": []}, "MemoryGraphCrewMemory.search": {"executed_lines": [148, 155], "summary": {"covered_lines": 2, "num_statements": 2, "percent_covered": 100.0, "percent_covered_display": "100", "missing_lines": 0, "excluded_lines": 0}, "missing_lines": [], "excluded_lines": []}, "MemoryGraphCrewMemory.get": {"executed_lines": [187, 194, 195, 197], "summary": {"covered_lines": 4, "num_statements": 4, "percent_covered": 100.0, "percent_covered_display": "100", "missing_lines": 0, "excluded_lines": 0}, "missing_lines": [], "excluded_lines": []}, "MemoryGraphCrewMemory.clear": {"executed_lines": [211], "summary": {"covered_lines": 1, "num_statements": 1, "percent_covered": 100.0, "percent_covered_display": "100", "missing_lines": 0, "excluded_lines": 0}, "missing_lines": [], "excluded_lines": []}, "MemoryGraphCrewMemory.reset": {"executed_lines": [219], "summary": {"covered_lines": 1, "num_statements": 1, "percent_covered": 100.0, "percent_covered_display": "100", "missing_lines": 0, "excluded_lines": 0}, "missing_lines": [], "excluded_lines": []}, "MemoryGraphCrewMemory.close": {"executed_lines": [235], "summary": {"covered_lines": 1, "num_statements": 1, "percent_covered": 100.0, "percent_covered_display": "100", "missing_lines": 0, "excluded_lines": 0}, "missing_lines": [], "excluded_lines": []}, "MemoryGraphCrewMemory.__enter__": {"executed_lines": [239], "summary": {"covered_lines": 1, "num_statements": 1, "percent_covered": 100.0, "percent_covered_display": "100", "missing_lines": 0, "excluded_lines": 0}, "missing_lines": [], "excluded_lines": []}, "MemoryGraphCrewMemory.__exit__": {"executed_lines": [243], "summary": {"covered_lines": 1, "num_statements": 1, "percent_covered": 100.0, "percent_covered_display": "100", "missing_lines": 0, "excluded_lines": 0}, "missing_lines": [], "excluded_lines": []}, "": {"executed_lines": [1, 20, 22, 25, 31, 32, 33, 35, 36, 37, 40, 41, 66, 83, 131, 171, 199, 213, 221, 237, 241], "summary": {"covered_lines": 17, "num_statements": 17, "percent_covered": 100.0, "percent_covered_display": "100", "missing_lines": 0, "excluded_lines": 5}, "missing_lines": [], "excluded_lines": [25, 26, 27, 28, 29]}}, "classes": {"MemoryGraphCrewMemory": {"executed_lines": [80, 81, 104, 107, 108, 109, 112, 113, 115, 116, 117, 118, 119, 122, 148, 155, 187, 194, 195, 197, 211, 219, 235, 239, 243], "summary": {"covered_lines": 25, "num_statements": 25, "percent_covered": 100.0, "percent_covered_display": "100", "missing_lines": 0, "excluded_lines": 0}, "missing_lines": [], "excluded_lines": []}, "": {"executed_lines": [1, 20, 22, 25, 31, 32, 33, 35, 36, 37, 40, 41, 66, 83, 131, 171, 199, 213, 221, 237, 241], "summary": {"covered_lines": 17, "num_statements": 17, "percent_covered": 100.0, "percent_covered_display": "100", "missing_lines": 0, "excluded_lines": 5}, "missing_lines": [], "excluded_lines": [25, 26, 27, 28, 29]}}}, "sdk/memorygraphsdk/integrations/langchain.py": {"executed_lines": [1, 24, 26, 27, 31, 32, 33, 34, 35, 36, 38, 41, 42, 77, 78, 79, 80, 81, 82, 84, 95, 96, 103, 104, 105, 106, 107, 108, 110, 111, 117, 119, 130, 137, 139, 141, 142, 143, 144, 145, 146, 147, 152, 155, 156, 158, 159, 160, 161, 162, 164, 166, 175, 176, 179, 180, 190, 191, 200, 208, 212], "summary": {"covered_lines": 59, "num_statements": 62, "percent_covered": 95.16129032258064, "percent_covered_display": "95", "missing_lines": 3, "excluded_lines": 0}, "missing_lines": [28, 30, 150], "excluded_lines": [], "functions": {"MemoryGraphMemory.__init__": {"executed_lines": [95, 96, 103, 104, 105, 106, 107, 108], "summary": {"covered_lines": 8, "num_statements": 8, "percent_covered": 100.0, "percent_covered_display": "100", "missing_lines": 0, "excluded_lines": 0}, "missing_lines": [], "excluded_lines": []}, "MemoryGraphMemory.memory_variables": {"executed_lines": [117], "summary": {"covered_lines": 1, "num_statements": 1, "percent_covered": 100.0, "percent_covered_display": "100", "missing_lines": 0, "excluded_lines": 0}, "missing_lines": [], "excluded_lines": []}, "MemoryGraphMemory.load_memory_variables": {"executed_lines": [130, 137, 139, 141, 142, 143, 144, 145, 146, 147, 152, 155, 156, 158, 159, 160, 161, 162, 164], "summary": {"covered_lines": 19, "num_statements": 20, "percent_covered": 95.0, "percent_covered_display": "95", "missing_lines": 1, "excluded_lines": 0}, "missing_lines": [150], "excluded_lines": []}, "MemoryGraphMemory.save_context": {"executed_lines": [175, 176, 179, 180, 190, 191], "summary": {"covered_lines": 6, "num_statements": 6, "percent_covered": 100.0, "percent_covered_display": "100", "missing_lines": 0, "excluded_lines": 0}, "missing_lines": [], "excluded_lines": []}, "MemoryGraphMemory.clear": {"executed_lines": [208], "summary": {"covered_lines": 1, "num_statements": 1, "percent_covered": 100.0, "percent_covered_display": "100", "missing_lines": 0, "excluded_lines": 0}, "missing_lines": [], "excluded_lines": []}, "": {"executed_lines": [1, 24, 26, 27, 31, 32, 33, 34, 35, 36, 38, 41, 42, 77, 78, 79, 80, 81, 82, 84, 110, 111, 119, 166, 200, 212], "summary": {"covered_lines": 24, "num_statements": 26, "percent_covered": 92.3076923076923, "percent_covered_display": "92", "missing_lines": 2, "excluded_lines": 0}, "missing_lines": [28, 30], "excluded_lines": []}}, "classes": {"MemoryGraphMemory": {"executed_lines": [95, 96, 103, 104, 105, 106, 107, 108, 117, 130, 137, 139, 141, 142, 143, 144, 145, 146, 147, 152, 155, 156, 158, 159, 160, 161, 162, 164, 175, 176, 179, 180, 190, 191, 208], "summary": {"covered_lines": 35, "num_statements": 36, "percent_covered": 97.22222222222223, "percent_covered_display": "97", "missing_lines": 1, "excluded_lines": 0}, "missing_lines": [150], "excluded_lines": []}, "": {"executed_lines": [1, 24, 26, 27, 31, 32, 33, 34, 35, 36, 38, 41, 42, 77, 78, 79, 80, 81, 82, 84, 110, 111, 119, 166, 200, 212], "summary": {"covered_lines": 24, "num_statements": 26, "percent_covered": 92.3076923076923, "percent_covered_display": "92", "missing_lines": 2, "excluded_lines": 0}, "missing_lines": [28, 30], "excluded_lines": []}}}, "sdk/memorygraphsdk/integrations/llamaindex.py": {"executed_lines": [1, 10, 12, 13, 18, 19, 21, 22, 23, 24, 26, 27, 28, 31, 32, 58, 59, 61, 78, 79, 84, 86, 87, 89, 101, 108, 109, 111, 114, 115, 116, 118, 119, 120, 121, 123, 125, 127, 129, 136, 138, 145, 146, 148, 156, 166, 167, 169, 177, 179, 180, 182, 185, 186, 214, 231, 232, 233, 235, 248, 254, 255, 258, 260, 263, 264, 265, 277, 278, 280, 282, 284, 308, 310, 311, 312, 313, 314, 317, 326, 328, 330, 332, 334, 336, 338, 340, 342, 345], "summary": {"covered_lines": 86, "num_statements": 89, "percent_covered": 96.62921348314607, "percent_covered_display": "97", "missing_lines": 3, "excluded_lines": 0}, "missing_lines": [14, 15, 17], "excluded_lines": [], "functions": {"MemoryGraphChatMemory.__init__": {"executed_lines": [78, 79, 84, 86, 87], "summary": {"covered_lines": 5, "num_statements": 5, "percent_covered": 100.0, "percent_covered_display": "100", "missing_lines": 0, "excluded_lines": 0}, "missing_lines": [], "excluded_lines": []}, "MemoryGraphChatMemory.get": {"executed_lines": [101, 108, 109, 111, 114, 115, 116, 118, 119, 120, 121, 123, 125, 127], "summary": {"covered_lines": 14, "num_statements": 14, "percent_covered": 100.0, "percent_covered_display": "100", "missing_lines": 0, "excluded_lines": 0}, "missing_lines": [], "excluded_lines": []}, "MemoryGraphChatMemory.get_all": {"executed_lines": [136], "summary": {"covered_lines": 1, "num_statements": 1, "percent_covered": 100.0, "percent_covered_display": "100", "missing_lines": 0, "excluded_lines": 0}, "missing_lines": [], "excluded_lines": []}, "MemoryGraphChatMemory.put": {"executed_lines": [145, 146, 148], "summary": {"covered_lines": 3, "num_statements": 3, "percent_covered": 100.0, "percent_covered_display": "100", "missing_lines": 0, "excluded_lines": 0}, "missing_lines": [], "excluded_lines": []}, "MemoryGraphChatMemory.set": {"executed_lines": [166, 167], "summary": {"covered_lines": 2, "num_statements": 2, "percent_covered": 100.0, "percent_covered_display": "100", "missing_lines": 0, "excluded_lines": 0}, "missing_lines": [], "excluded_lines": []}, "MemoryGraphChatMemory.reset": {"executed_lines": [177], "summary": {"covered_lines": 1, "num_statements": 1, "percent_covered": 100.0, "percent_covered_display": "100", "missing_lines": 0, "excluded_lines": 0}, "missing_lines": [], "excluded_lines": []}, "MemoryGraphChatMemory.class_name": {"executed_lines": [182], "summary": {"covered_lines": 1, "num_statements": 1, "percent_covered": 100.0, "percent_covered_display": "100", "missing_lines": 0, "excluded_lines": 0}, "missing_lines": [], "excluded_lines": []}, "MemoryGraphRetriever.__init__": {"executed_lines": [231, 232, 233], "summary": {"covered_lines": 3, "num_statements": 3, "percent_covered": 100.0, "percent_covered_display": "100", "missing_lines": 0, "excluded_lines": 0}, "missing_lines": [], "excluded_lines": []}, "MemoryGraphRetriever.retrieve": {"executed_lines": [248, 254, 255, 258, 260, 263, 264, 265, 277, 278, 280, 282], "summary": {"covered_lines": 12, "num_statements": 12, "percent_covered": 100.0, "percent_covered_display": "100", "missing_lines": 0, "excluded_lines": 0}, "missing_lines": [], "excluded_lines": []}, "MemoryGraphRetriever.retrieve_with_relationships": {"executed_lines": [308, 310, 311, 312, 313, 314, 317, 326, 328, 330], "summary": {"covered_lines": 10, "num_statements": 10, "percent_covered": 100.0, "percent_covered_display": "100", "missing_lines": 0, "excluded_lines": 0}, "missing_lines": [], "excluded_lines": []}, "MemoryGraphRetriever.close": {"executed_lines": [334], "summary": {"covered_lines": 1, "num_statements": 1, "percent_covered": 100.0, "percent_covered_display": "100", "missing_lines": 0, "excluded_lines": 0}, "missing_lines": [], "excluded_lines": []}, "MemoryGraphRetriever.__enter__": {"executed_lines": [338], "summary": {"covered_lines": 1, "num_statements": 1, "percent_covered": 100.0, "percent_covered_display": "100", "missing_lines": 0, "excluded_lines": 0}, "missing_lines": [], "excluded_lines": []}, "MemoryGraphRetriever.__exit__": {"executed_lines": [342], "summary": {"covered_lines": 1, "num_statements": 1, "percent_covered": 100.0, "percent_covered_display": "100", "missing_lines": 0, "excluded_lines": 0}, "missing_lines": [], "excluded_lines": []}, "": {"executed_lines": [1, 10, 12, 13, 18, 19, 21, 22, 23, 24, 26, 27, 28, 31, 32, 58, 59, 61, 89, 129, 138, 156, 169, 179, 180, 185, 186, 214, 235, 284, 332, 336, 340, 345], "summary": {"covered_lines": 31, "num_statements": 34, "percent_covered": 91.17647058823529, "percent_covered_display": "91", "missing_lines": 3, "excluded_lines": 0}, "missing_lines": [14, 15, 17], "excluded_lines": []}}, "classes": {"MemoryGraphChatMemory": {"executed_lines": [78, 79, 84, 86, 87, 101, 108, 109, 111, 114, 115, 116, 118, 119, 120, 121, 123, 125, 127, 136, 145, 146, 148, 166, 167, 177, 182], "summary": {"covered_lines": 27, "num_statements": 27, "percent_covered": 100.0, "percent_covered_display": "100", "missing_lines": 0, "excluded_lines": 0}, "missing_lines": [], "excluded_lines": []}, "MemoryGraphRetriever": {"executed_lines": [231, 232, 233, 248, 254, 255, 258, 260, 263, 264, 265, 277, 278, 280, 282, 308, 310, 311, 312, 313, 314, 317, 326, 328, 330, 334, 338, 342], "summary": {"covered_lines": 28, "num_statements": 28, "percent_covered": 100.0, "percent_covered_display": "100", "missing_lines": 0, "excluded_lines": 0}, "missing_lines": [], "excluded_lines": []}, "": {"executed_lines": [1, 10, 12, 13, 18, 19, 21, 22, 23, 24, 26, 27, 28, 31, 32, 58, 59, 61, 89, 129, 138, 156, 169, 179, 180, 185, 186, 214, 235, 284, 332, 336, 340, 345], "summary": {"covered_lines": 31, "num_statements": 34, "percent_covered": 91.17647058823529, "percent_covered_display": "91", "missing_lines": 3, "excluded_lines": 0}, "missing_lines": [14, 15, 17], "excluded_lines": []}}}, "sdk/memorygraphsdk/models.py": {"executed_lines": [1, 4, 5, 6, 8, 11, 12, 14, 15, 16, 17, 18, 19, 20, 21, 22, 23, 24, 25, 26, 29, 30, 32, 33, 34, 35, 36, 37, 38, 39, 40, 41, 42, 43, 44, 45, 46, 47, 48, 49, 50, 51, 52, 53, 54, 55, 56, 57, 58, 59, 60, 61, 64, 65, 67, 69, 70, 71, 72, 73, 74, 75, 76, 77, 78, 81, 82, 84, 85, 86, 87, 88, 89, 90, 93, 94, 96, 97, 98, 99, 100, 103, 104, 106, 108, 109, 110, 111, 112, 113, 114, 115, 118, 119, 121, 122, 123, 124, 125, 126, 129, 130, 132, 133, 134, 135, 138, 139, 141, 142, 143, 144], "summary": {"covered_lines": 102, "num_statements": 102, "percent_covered": 100.0, "percent_covered_display": "100", "missing_lines": 0, "excluded_lines": 0}, "missing_lines": [], "excluded_lines": [], "functions": {"": {"executed_lines": [1, 4, 5, 6, 8, 11, 12, 14, 15, 16, 17, 18, 19, 20, 21, 22, 23, 24, 25, 26, 29, 30, 32, 33, 34, 35, 36, 37, 38, 39, 40, 41, 42, 43, 44, 45, 46, 47, 48, 49, 50, 51, 52, 53, 54, 55, 56, 57, 58, 59, 60, 61, 64, 65, 67, 69, 70, 71, 72, 73, 74, 75, 76, 77, 78, 81, 82, 84, 85, 86, 87, 88, 89, 90, 93, 94, 96, 97, 98, 99, 100, 103, 104, 106, 108, 109, 110, 111, 112, 113, 114, 115, 118, 119, 121, 122, 123, 124, 125, 126, 129, 130, 132, 133, 134, 135, 138, 139, 141, 142, 143, 144], "summary": {"covered_lines": 102, "num_statements": 102, "percent_covered": 100.0, "percent_covered_display": "100", "missing_lines": 0, "excluded_lines": 0}, "missing_lines": [], "excluded_lines": []}}, "classes": {"MemoryType": {"executed_lines": [], "summary": {"covered_lines": 0, "num_statements": 0, "percent_covered": 100.0, "percent_covered_display": "100", "missing_lines": 0, "excluded_lines": 0}, "missing_lines": [], "excluded_lines": []}, "RelationshipType": {"executed_lines": [], "summary": {"covered_lines": 0, "num_statements": 0, "percent_covered": 100.0, "percent_covered_display": "100", "missing_lines": 0, "excluded_lines": 0}, "missing_lines": [], "excluded_lines": []}, "Memory": {"executed_lines": [], "summary": {"covered_lines": 0, "num_statements": 0, "percent_covered": 100.0, "percent_covered_display": "100", "missing_lines": 0, "excluded_lines": 0}, "missing_lines": [], "excluded_lines": []}, "MemoryCreate": {"executed_lines": [], "summary": {"covered_lines": 0, "num_statements": 0, "percent_covered": 100.0, "percent_covered_display": "100", "missing_lines": 0, "excluded_lines": 0}, "missing_lines": [], "excluded_lines": []}, "MemoryUpdate": {"executed_lines": [], "summary": {"covered_lines": 0, "num_statements": 0, "percent_covered": 100.0, "percent_covered_display": "100", "missing_lines": 0, "excluded_lines": 0}, "missing_lines": [], "excluded_lines": []}, "Relationship": {"executed_lines": [], "summary": {"covered_lines": 0, "num_statements": 0, "percent_covered": 100.0, "percent_covered_display": "100", "missing_lines": 0, "excluded_lines": 0}, "missing_lines": [], "excluded_lines": []}, "RelationshipCreate": {"executed_lines": [], "summary": {"covered_lines": 0, "num_statements": 0, "percent_covered": 100.0, "percent_covered_display": "100", "missing_lines": 0, "excluded_lines": 0}, "missing_lines": [], "excluded_lines": []}, "SearchResult": {"executed_lines": [], "summary": {"covered_lines": 0, "num_statements": 0, "percent_covered": 100.0, "percent_covered_display": "100", "missing_lines": 0, "excluded_lines": 0}, "missing_lines": [], "excluded_lines": []}, "RelatedMemory": {"executed_lines": [], "summary": {"covered_lines": 0, "num_statements": 0, "percent_covered": 100.0, "percent_covered_display": "100", "missing_lines": 0, "excluded_lines": 0}, "missing_lines": [], "excluded_lines": []}, "": {"executed_lines": [1, 4, 5, 6, 8, 11, 12, 14, 15, 16, 17, 18, 19, 20, 21, 22, 23, 24, 25, 26, 29, 30, 32, 33, 34, 35, 36, 37, 38, 39, 40, 41, 42, 43, 44, 45, 46, 47, 48, 49, 50, 51, 52, 53, 54, 55, 56, 57, 58, 59, 60, 61, 64, 65, 67, 69, 70, 71, 72, 73, 74, 75, 76, 77, 78, 81, 82, 84, 85, 86, 87, 88, 89, 90, 93, 94, 96, 97, 98, 99, 100, 103, 104, 106, 108, 109, 110, 111, 112, 113, 114, 115, 118, 119, 121, 122, 123, 124, 125, 126, 129, 130, 132, 133, 134, 135, 138, 139, 141, 142, 143, 144], "summary": {"covered_lines": 102, "num_statements": 102, "percent_covered": 100.0, "percent_covered_display": "100", "missing_lines": 0, "excluded_lines": 0}, "missing_lines": [], "excluded_lines": []}}}}, "totals": {"covered_lines": 502, "num_statements": 566, "percent_covered": 88.69257950530036, "percent_covered_display": "89", "missing_lines": 64, "excluded_lines": 5}}