{"meta": {"format": 3, "version": "7.10.7", "timestamp": "2026-01-11T12:42:09.321403", "branch_coverage": false, "show_contexts": false}, "files": {"src/memorygraph/__init__.py": {"executed_lines": [1, 10, 11, 12, 14, 15, 33], "summary": {"covered_lines": 6, "num_statements": 6, "percent_covered": 100.0, "percent_covered_display": "100", "missing_lines": 0, "excluded_lines": 0}, "missing_lines": [], "excluded_lines": [], "functions": {"": {"executed_lines": [1, 10, 11, 12, 14, 15, 33], "summary": {"covered_lines": 6, "num_statements": 6, "percent_covered": 100.0, "percent_covered_display": "100", "missing_lines": 0, "excluded_lines": 0}, "missing_lines": [], "excluded_lines": []}}, "classes": {"": {"executed_lines": [1, 10, 11, 12, 14, 15, 33], "summary": {"covered_lines": 6, "num_statements": 6, "percent_covered": 100.0, "percent_covered_display": "100", "missing_lines": 0, "excluded_lines": 0}, "missing_lines": [], "excluded_lines": []}}}, "src/memorygraph/__main__.py": {"executed_lines": [1, 8, 9, 11], "summary": {"covered_lines": 2, "num_statements": 2, "percent_covered": 100.0, "percent_covered_display": "100", "missing_lines": 0, "excluded_lines": 2}, "missing_lines": [], "excluded_lines": [11, 12], "functions": {"": {"executed_lines": [1, 8, 9, 11], "summary": {"covered_lines": 2, "num_statements": 2, "percent_covered": 100.0, "percent_covered_display": "100", "missing_lines": 0, "excluded_lines": 2}, "missing_lines": [], "excluded_lines": [11, 12]}}, "classes": {"": {"executed_lines": [1, 8, 9, 11], "summary": {"covered_lines": 2, "num_statements": 2, "percent_covered": 100.0, "percent_covered_display": "100", "missing_lines": 0, "excluded_lines": 2}, "missing_lines": [], "excluded_lines": [11, 12]}}}, "src/memorygraph/advanced_tools.py": {"executed_lines": [1, 8, 9, 10, 12, 14, 19, 20, 22, 26, 157, 158, 160, 162, 164, 166, 167, 168, 169, 170, 173, 174, 175, 179, 180, 183, 189, 190, 198, 200, 201, 216, 223, 224, 225, 233, 235, 240, 242, 249, 256, 257, 258, 266, 268, 269, 271, 277, 284, 285, 286, 294, 296, 297, 298, 301, 302, 304, 305, 314, 319, 329, 343, 350, 351, 352, 360, 362, 363, 364, 365, 368, 371, 372, 373, 374, 375, 377, 378, 387, 393, 400, 413, 420, 421, 422, 430, 435, 436, 438, 440, 450, 456, 463, 464, 465, 473, 475, 477, 480, 494, 501, 502, 503], "summary": {"covered_lines": 102, "num_statements": 103, "percent_covered": 99.02912621359224, "percent_covered_display": "99", "missing_lines": 1, "excluded_lines": 0}, "missing_lines": [209], "excluded_lines": [], "functions": {"AdvancedRelationshipHandlers.__init__": {"executed_lines": [162], "summary": {"covered_lines": 1, "num_statements": 1, "percent_covered": 100.0, "percent_covered_display": "100", "missing_lines": 0, "excluded_lines": 0}, "missing_lines": [], "excluded_lines": []}, "AdvancedRelationshipHandlers.handle_find_memory_path": {"executed_lines": [166, 167, 168, 169, 170, 173, 174, 175, 179, 180, 183, 189, 190, 198, 200, 201, 216, 223, 224, 225], "summary": {"covered_lines": 20, "num_statements": 21, "percent_covered": 95.23809523809524, "percent_covered_display": "95", "missing_lines": 1, "excluded_lines": 0}, "missing_lines": [209], "excluded_lines": []}, "AdvancedRelationshipHandlers.handle_analyze_memory_clusters": {"executed_lines": [235, 240, 242, 249, 256, 257, 258], "summary": {"covered_lines": 7, "num_statements": 7, "percent_covered": 100.0, "percent_covered_display": "100", "missing_lines": 0, "excluded_lines": 0}, "missing_lines": [], "excluded_lines": []}, "AdvancedRelationshipHandlers.handle_find_bridge_memories": {"executed_lines": [268, 269, 271, 277, 284, 285, 286], "summary": {"covered_lines": 7, "num_statements": 7, "percent_covered": 100.0, "percent_covered_display": "100", "missing_lines": 0, "excluded_lines": 0}, "missing_lines": [], "excluded_lines": []}, "AdvancedRelationshipHandlers.handle_suggest_relationship_type": {"executed_lines": [296, 297, 298, 301, 302, 304, 305, 314, 319, 329, 343, 350, 351, 352], "summary": {"covered_lines": 14, "num_statements": 14, "percent_covered": 100.0, "percent_covered_display": "100", "missing_lines": 0, "excluded_lines": 0}, "missing_lines": [], "excluded_lines": []}, "AdvancedRelationshipHandlers.handle_reinforce_relationship": {"executed_lines": [362, 363, 364, 365, 368, 371, 372, 373, 374, 375, 377, 378, 387, 393, 400, 413, 420, 421, 422], "summary": {"covered_lines": 19, "num_statements": 19, "percent_covered": 100.0, "percent_covered_display": "100", "missing_lines": 0, "excluded_lines": 0}, "missing_lines": [], "excluded_lines": []}, "AdvancedRelationshipHandlers.handle_get_relationship_types_by_category": {"executed_lines": [435, 436, 438, 440, 450, 456, 463, 464, 465], "summary": {"covered_lines": 9, "num_statements": 9, "percent_covered": 100.0, "percent_covered_display": "100", "missing_lines": 0, "excluded_lines": 0}, "missing_lines": [], "excluded_lines": []}, "AdvancedRelationshipHandlers.handle_analyze_graph_metrics": {"executed_lines": [475, 477, 480, 494, 501, 502, 503], "summary": {"covered_lines": 7, "num_statements": 7, "percent_covered": 100.0, "percent_covered_display": "100", "missing_lines": 0, "excluded_lines": 0}, "missing_lines": [], "excluded_lines": []}, "": {"executed_lines": [1, 8, 9, 10, 12, 14, 19, 20, 22, 26, 157, 158, 160, 164, 233, 266, 294, 360, 430, 473], "summary": {"covered_lines": 18, "num_statements": 18, "percent_covered": 100.0, "percent_covered_display": "100", "missing_lines": 0, "excluded_lines": 0}, "missing_lines": [], "excluded_lines": []}}, "classes": {"AdvancedRelationshipHandlers": {"executed_lines": [162, 166, 167, 168, 169, 170, 173, 174, 175, 179, 180, 183, 189, 190, 198, 200, 201, 216, 223, 224, 225, 235, 240, 242, 249, 256, 257, 258, 268, 269, 271, 277, 284, 285, 286, 296, 297, 298, 301, 302, 304, 305, 314, 319, 329, 343, 350, 351, 352, 362, 363, 364, 365, 368, 371, 372, 373, 374, 375, 377, 378, 387, 393, 400, 413, 420, 421, 422, 435, 436, 438, 440, 450, 456, 463, 464, 465, 475, 477, 480, 494, 501, 502, 503], "summary": {"covered_lines": 84, "num_statements": 85, "percent_covered": 98.82352941176471, "percent_covered_display": "99", "missing_lines": 1, "excluded_lines": 0}, "missing_lines": [209], "excluded_lines": []}, "": {"executed_lines": [1, 8, 9, 10, 12, 14, 19, 20, 22, 26, 157, 158, 160, 164, 233, 266, 294, 360, 430, 473], "summary": {"covered_lines": 18, "num_statements": 18, "percent_covered": 100.0, "percent_covered_display": "100", "missing_lines": 0, "excluded_lines": 0}, "missing_lines": [], "excluded_lines": []}}}, "src/memorygraph/analytics/__init__.py": {"executed_lines": [1, 14, 28], "summary": {"covered_lines": 2, "num_statements": 2, "percent_covered": 100.0, "percent_covered_display": "100", "missing_lines": 0, "excluded_lines": 0}, "missing_lines": [], "excluded_lines": [], "functions": {"": {"executed_lines": [1, 14, 28], "summary": {"covered_lines": 2, "num_statements": 2, "percent_covered": 100.0, "percent_covered_display": "100", "missing_lines": 0, "excluded_lines": 0}, "missing_lines": [], "excluded_lines": []}}, "classes": {"": {"executed_lines": [1, 14, 28], "summary": {"covered_lines": 2, "num_statements": 2, "percent_covered": 100.0, "percent_covered_display": "100", "missing_lines": 0, "excluded_lines": 0}, "missing_lines": [], "excluded_lines": []}}}, "src/memorygraph/analytics/advanced_queries.py": {"executed_lines": [1, 15, 16, 17, 18, 20, 22, 23, 24, 26, 29, 30, 32, 33, 34, 35, 36, 37, 40, 41, 43, 47, 48, 49, 50, 51, 54, 55, 61, 62, 63, 66, 67, 69, 70, 71, 72, 73, 74, 75, 78, 79, 81, 82, 83, 84, 85, 88, 89, 91, 92, 93, 94, 95, 96, 99, 100, 102, 103, 104, 105, 106, 107, 108, 109, 112, 136, 138, 141, 149, 151, 162, 165, 166, 167, 169, 180, 181, 182, 184, 185, 187, 188, 190, 191, 194, 202, 203, 204, 212, 215, 216, 223, 226, 231, 233, 234, 236, 239, 264, 267, 273, 274, 276, 277, 279, 280, 283, 297, 302, 304, 305, 306, 310, 311, 313, 318, 324, 326, 327, 338, 340, 341, 343, 344, 345, 348, 377, 380, 389, 390, 395, 396, 398, 399, 400, 403, 404, 410, 412, 413, 415, 416, 419, 425, 430, 431, 434, 436, 437, 439, 440, 441, 444, 467, 470, 484, 485, 494, 496, 533, 534, 536, 537, 538, 541, 567, 569, 572, 579, 580, 584, 591, 592, 593, 595, 596, 599, 600, 601, 602, 604, 606, 615, 616, 619, 628, 629, 631, 632, 641, 642, 645, 646, 648, 653, 654, 657, 680, 682, 691, 692, 694, 695, 697, 698, 699, 700, 702, 709, 710, 712, 726, 727, 728], "summary": {"covered_lines": 207, "num_statements": 215, "percent_covered": 96.27906976744185, "percent_covered_display": "96", "missing_lines": 8, "excluded_lines": 0}, "missing_lines": [497, 498, 500, 510, 511, 519, 523, 525], "excluded_lines": [], "functions": {"get_memory_graph_visualization": {"executed_lines": [136, 138, 141, 149, 151, 162, 165, 166, 167, 169, 180, 181, 182, 184, 185, 187, 188, 190, 191, 194, 202, 203, 204, 212, 215, 216, 223, 226, 231, 233, 234, 236], "summary": {"covered_lines": 32, "num_statements": 32, "percent_covered": 100.0, "percent_covered_display": "100", "missing_lines": 0, "excluded_lines": 0}, "missing_lines": [], "excluded_lines": []}, "analyze_solution_similarity": {"executed_lines": [264, 267, 273, 274, 276, 277, 279, 280, 283, 297, 302, 304, 305, 306, 310, 311, 313, 318, 324, 326, 327, 338, 340, 341, 343, 344, 345], "summary": {"covered_lines": 27, "num_statements": 27, "percent_covered": 100.0, "percent_covered_display": "100", "missing_lines": 0, "excluded_lines": 0}, "missing_lines": [], "excluded_lines": []}, "predict_solution_effectiveness": {"executed_lines": [377, 380, 389, 390, 395, 396, 398, 399, 400, 403, 404, 410, 412, 413, 415, 416, 419, 425, 430, 431, 434, 436, 437, 439, 440, 441], "summary": {"covered_lines": 26, "num_statements": 26, "percent_covered": 100.0, "percent_covered_display": "100", "missing_lines": 0, "excluded_lines": 0}, "missing_lines": [], "excluded_lines": []}, "recommend_learning_paths": {"executed_lines": [467, 470, 484, 485, 494, 496, 533, 534, 536, 537, 538], "summary": {"covered_lines": 11, "num_statements": 19, "percent_covered": 57.89473684210526, "percent_covered_display": "58", "missing_lines": 8, "excluded_lines": 0}, "missing_lines": [497, 498, 500, 510, 511, 519, 523, 525], "excluded_lines": []}, "identify_knowledge_gaps": {"executed_lines": [567, 569, 572, 579, 580, 584, 591, 592, 593, 595, 596, 599, 600, 601, 602, 604, 606, 615, 616, 619, 628, 629, 631, 632, 641, 642, 645, 646, 648, 653, 654], "summary": {"covered_lines": 31, "num_statements": 31, "percent_covered": 100.0, "percent_covered_display": "100", "missing_lines": 0, "excluded_lines": 0}, "missing_lines": [], "excluded_lines": []}, "track_memory_roi": {"executed_lines": [680, 682, 691, 692, 694, 695, 697, 698, 699, 700, 702, 709, 710, 712, 726, 727, 728], "summary": {"covered_lines": 17, "num_statements": 17, "percent_covered": 100.0, "percent_covered_display": "100", "missing_lines": 0, "excluded_lines": 0}, "missing_lines": [], "excluded_lines": []}, "": {"executed_lines": [1, 15, 16, 17, 18, 20, 22, 23, 24, 26, 29, 30, 32, 33, 34, 35, 36, 37, 40, 41, 43, 47, 48, 49, 50, 51, 54, 55, 61, 62, 63, 66, 67, 69, 70, 71, 72, 73, 74, 75, 78, 79, 81, 82, 83, 84, 85, 88, 89, 91, 92, 93, 94, 95, 96, 99, 100, 102, 103, 104, 105, 106, 107, 108, 109, 112, 239, 348, 444, 541, 657], "summary": {"covered_lines": 63, "num_statements": 63, "percent_covered": 100.0, "percent_covered_display": "100", "missing_lines": 0, "excluded_lines": 0}, "missing_lines": [], "excluded_lines": []}}, "classes": {"GraphNode": {"executed_lines": [], "summary": {"covered_lines": 0, "num_statements": 0, "percent_covered": 100.0, "percent_covered_display": "100", "missing_lines": 0, "excluded_lines": 0}, "missing_lines": [], "excluded_lines": []}, "GraphEdge": {"executed_lines": [], "summary": {"covered_lines": 0, "num_statements": 0, "percent_covered": 100.0, "percent_covered_display": "100", "missing_lines": 0, "excluded_lines": 0}, "missing_lines": [], "excluded_lines": []}, "GraphVisualizationData": {"executed_lines": [], "summary": {"covered_lines": 0, "num_statements": 0, "percent_covered": 100.0, "percent_covered_display": "100", "missing_lines": 0, "excluded_lines": 0}, "missing_lines": [], "excluded_lines": []}, "SimilarSolution": {"executed_lines": [], "summary": {"covered_lines": 0, "num_statements": 0, "percent_covered": 100.0, "percent_covered_display": "100", "missing_lines": 0, "excluded_lines": 0}, "missing_lines": [], "excluded_lines": []}, "LearningPath": {"executed_lines": [], "summary": {"covered_lines": 0, "num_statements": 0, "percent_covered": 100.0, "percent_covered_display": "100", "missing_lines": 0, "excluded_lines": 0}, "missing_lines": [], "excluded_lines": []}, "KnowledgeGap": {"executed_lines": [], "summary": {"covered_lines": 0, "num_statements": 0, "percent_covered": 100.0, "percent_covered_display": "100", "missing_lines": 0, "excluded_lines": 0}, "missing_lines": [], "excluded_lines": []}, "MemoryROI": {"executed_lines": [], "summary": {"covered_lines": 0, "num_statements": 0, "percent_covered": 100.0, "percent_covered_display": "100", "missing_lines": 0, "excluded_lines": 0}, "missing_lines": [], "excluded_lines": []}, "": {"executed_lines": [1, 15, 16, 17, 18, 20, 22, 23, 24, 26, 29, 30, 32, 33, 34, 35, 36, 37, 40, 41, 43, 47, 48, 49, 50, 51, 54, 55, 61, 62, 63, 66, 67, 69, 70, 71, 72, 73, 74, 75, 78, 79, 81, 82, 83, 84, 85, 88, 89, 91, 92, 93, 94, 95, 96, 99, 100, 102, 103, 104, 105, 106, 107, 108, 109, 112, 136, 138, 141, 149, 151, 162, 165, 166, 167, 169, 180, 181, 182, 184, 185, 187, 188, 190, 191, 194, 202, 203, 204, 212, 215, 216, 223, 226, 231, 233, 234, 236, 239, 264, 267, 273, 274, 276, 277, 279, 280, 283, 297, 302, 304, 305, 306, 310, 311, 313, 318, 324, 326, 327, 338, 340, 341, 343, 344, 345, 348, 377, 380, 389, 390, 395, 396, 398, 399, 400, 403, 404, 410, 412, 413, 415, 416, 419, 425, 430, 431, 434, 436, 437, 439, 440, 441, 444, 467, 470, 484, 485, 494, 496, 533, 534, 536, 537, 538, 541, 567, 569, 572, 579, 580, 584, 591, 592, 593, 595, 596, 599, 600, 601, 602, 604, 606, 615, 616, 619, 628, 629, 631, 632, 641, 642, 645, 646, 648, 653, 654, 657, 680, 682, 691, 692, 694, 695, 697, 698, 699, 700, 702, 709, 710, 712, 726, 727, 728], "summary": {"covered_lines": 207, "num_statements": 215, "percent_covered": 96.27906976744185, "percent_covered_display": "96", "missing_lines": 8, "excluded_lines": 0}, "missing_lines": [497, 498, 500, 510, 511, 519, 523, 525], "excluded_lines": []}}}, "src/memorygraph/backends/__init__.py": {"executed_lines": [1, 8, 9, 18], "summary": {"covered_lines": 3, "num_statements": 3, "percent_covered": 100.0, "percent_covered_display": "100", "missing_lines": 0, "excluded_lines": 0}, "missing_lines": [], "excluded_lines": [], "functions": {"": {"executed_lines": [1, 8, 9, 18], "summary": {"covered_lines": 3, "num_statements": 3, "percent_covered": 100.0, "percent_covered_display": "100", "missing_lines": 0, "excluded_lines": 0}, "missing_lines": [], "excluded_lines": []}}, "classes": {"": {"executed_lines": [1, 8, 9, 18], "summary": {"covered_lines": 3, "num_statements": 3, "percent_covered": 100.0, "percent_covered_display": "100", "missing_lines": 0, "excluded_lines": 0}, "missing_lines": [], "excluded_lines": []}}}, "src/memorygraph/backends/base.py": {"executed_lines": [1, 8, 9, 12, 13, 20, 21, 33, 34, 42, 43, 66, 67, 78, 79, 92, 93, 102, 103, 112, 113, 122, 123, 140, 142, 143, 145, 147, 148, 151, 169, 171, 189, 191, 197], "summary": {"covered_lines": 15, "num_statements": 15, "percent_covered": 100.0, "percent_covered_display": "100", "missing_lines": 0, "excluded_lines": 111}, "missing_lines": [], "excluded_lines": [20, 21, 22, 23, 24, 25, 26, 27, 28, 29, 30, 31, 33, 34, 35, 36, 37, 38, 39, 40, 42, 43, 44, 45, 46, 47, 48, 49, 50, 51, 52, 53, 54, 55, 56, 57, 58, 59, 60, 61, 62, 63, 64, 66, 67, 68, 69, 70, 71, 72, 73, 74, 75, 76, 78, 79, 80, 81, 82, 83, 84, 85, 86, 87, 88, 89, 90, 92, 93, 94, 95, 96, 97, 98, 99, 100, 102, 103, 104, 105, 106, 107, 108, 109, 110, 112, 113, 114, 115, 116, 117, 118, 119, 120, 122, 123, 124, 125, 126, 127, 128, 129, 130, 131, 132, 133, 134, 135, 136, 137, 138], "functions": {"GraphBackend.connect": {"executed_lines": [], "summary": {"covered_lines": 0, "num_statements": 0, "percent_covered": 100.0, "percent_covered_display": "100", "missing_lines": 0, "excluded_lines": 10}, "missing_lines": [], "excluded_lines": [22, 23, 24, 25, 26, 27, 28, 29, 30, 31]}, "GraphBackend.disconnect": {"executed_lines": [], "summary": {"covered_lines": 0, "num_statements": 0, "percent_covered": 100.0, "percent_covered_display": "100", "missing_lines": 0, "excluded_lines": 6}, "missing_lines": [], "excluded_lines": [35, 36, 37, 38, 39, 40]}, "GraphBackend.execute_query": {"executed_lines": [], "summary": {"covered_lines": 0, "num_statements": 0, "percent_covered": 100.0, "percent_covered_display": "100", "missing_lines": 0, "excluded_lines": 16}, "missing_lines": [], "excluded_lines": [49, 50, 51, 52, 53, 54, 55, 56, 57, 58, 59, 60, 61, 62, 63, 64]}, "GraphBackend.initialize_schema": {"executed_lines": [], "summary": {"covered_lines": 0, "num_statements": 0, "percent_covered": 100.0, "percent_covered_display": "100", "missing_lines": 0, "excluded_lines": 9}, "missing_lines": [], "excluded_lines": [68, 69, 70, 71, 72, 73, 74, 75, 76]}, "GraphBackend.health_check": {"executed_lines": [], "summary": {"covered_lines": 0, "num_statements": 0, "percent_covered": 100.0, "percent_covered_display": "100", "missing_lines": 0, "excluded_lines": 11}, "missing_lines": [], "excluded_lines": [80, 81, 82, 83, 84, 85, 86, 87, 88, 89, 90]}, "GraphBackend.backend_name": {"executed_lines": [], "summary": {"covered_lines": 0, "num_statements": 0, "percent_covered": 100.0, "percent_covered_display": "100", "missing_lines": 0, "excluded_lines": 7}, "missing_lines": [], "excluded_lines": [94, 95, 96, 97, 98, 99, 100]}, "GraphBackend.supports_fulltext_search": {"executed_lines": [], "summary": {"covered_lines": 0, "num_statements": 0, "percent_covered": 100.0, "percent_covered_display": "100", "missing_lines": 0, "excluded_lines": 7}, "missing_lines": [], "excluded_lines": [104, 105, 106, 107, 108, 109, 110]}, "GraphBackend.supports_transactions": {"executed_lines": [], "summary": {"covered_lines": 0, "num_statements": 0, "percent_covered": 100.0, "percent_covered_display": "100", "missing_lines": 0, "excluded_lines": 7}, "missing_lines": [], "excluded_lines": [114, 115, 116, 117, 118, 119, 120]}, "GraphBackend.is_cypher_capable": {"executed_lines": [], "summary": {"covered_lines": 0, "num_statements": 0, "percent_covered": 100.0, "percent_covered_display": "100", "missing_lines": 0, "excluded_lines": 15}, "missing_lines": [], "excluded_lines": [124, 125, 126, 127, 128, 129, 130, 131, 132, 133, 134, 135, 136, 137, 138]}, "GraphBackend.__aenter__": {"executed_lines": [142, 143], "summary": {"covered_lines": 2, "num_statements": 2, "percent_covered": 100.0, "percent_covered_display": "100", "missing_lines": 0, "excluded_lines": 0}, "missing_lines": [], "excluded_lines": []}, "GraphBackend.__aexit__": {"executed_lines": [147, 148], "summary": {"covered_lines": 2, "num_statements": 2, "percent_covered": 100.0, "percent_covered_display": "100", "missing_lines": 0, "excluded_lines": 0}, "missing_lines": [], "excluded_lines": []}, "GraphBackend.execute_write_query": {"executed_lines": [169], "summary": {"covered_lines": 1, "num_statements": 1, "percent_covered": 100.0, "percent_covered_display": "100", "missing_lines": 0, "excluded_lines": 0}, "missing_lines": [], "excluded_lines": []}, "GraphBackend.execute_read_query": {"executed_lines": [189], "summary": {"covered_lines": 1, "num_statements": 1, "percent_covered": 100.0, "percent_covered_display": "100", "missing_lines": 0, "excluded_lines": 0}, "missing_lines": [], "excluded_lines": []}, "GraphBackend.close": {"executed_lines": [197], "summary": {"covered_lines": 1, "num_statements": 1, "percent_covered": 100.0, "percent_covered_display": "100", "missing_lines": 0, "excluded_lines": 0}, "missing_lines": [], "excluded_lines": []}, "": {"executed_lines": [1, 8, 9, 12, 13, 20, 21, 33, 34, 42, 43, 66, 67, 78, 79, 92, 93, 102, 103, 112, 113, 122, 123, 140, 145, 151, 171, 191], "summary": {"covered_lines": 8, "num_statements": 8, "percent_covered": 100.0, "percent_covered_display": "100", "missing_lines": 0, "excluded_lines": 23}, "missing_lines": [], "excluded_lines": [20, 21, 33, 34, 42, 43, 44, 45, 46, 47, 48, 66, 67, 78, 79, 92, 93, 102, 103, 112, 113, 122, 123]}}, "classes": {"GraphBackend": {"executed_lines": [142, 143, 147, 148, 169, 189, 197], "summary": {"covered_lines": 7, "num_statements": 7, "percent_covered": 100.0, "percent_covered_display": "100", "missing_lines": 0, "excluded_lines": 88}, "missing_lines": [], "excluded_lines": [22, 23, 24, 25, 26, 27, 28, 29, 30, 31, 35, 36, 37, 38, 39, 40, 49, 50, 51, 52, 53, 54, 55, 56, 57, 58, 59, 60, 61, 62, 63, 64, 68, 69, 70, 71, 72, 73, 74, 75, 76, 80, 81, 82, 83, 84, 85, 86, 87, 88, 89, 90, 94, 95, 96, 97, 98, 99, 100, 104, 105, 106, 107, 108, 109, 110, 114, 115, 116, 117, 118, 119, 120, 124, 125, 126, 127, 128, 129, 130, 131, 132, 133, 134, 135, 136, 137, 138]}, "": {"executed_lines": [1, 8, 9, 12, 13, 20, 21, 33, 34, 42, 43, 66, 67, 78, 79, 92, 93, 102, 103, 112, 113, 122, 123, 140, 145, 151, 171, 191], "summary": {"covered_lines": 8, "num_statements": 8, "percent_covered": 100.0, "percent_covered_display": "100", "missing_lines": 0, "excluded_lines": 23}, "missing_lines": [], "excluded_lines": [20, 21, 33, 34, 42, 43, 44, 45, 46, 47, 48, 66, 67, 78, 79, 92, 93, 102, 103, 112, 113, 122, 123]}}}, "src/memorygraph/backends/cloud_backend.py": {"executed_lines": [1, 8, 9, 10, 11, 12, 13, 15, 17, 18, 23, 25, 28, 39, 40, 41, 44, 45, 54, 62, 63, 64, 65, 66, 67, 69, 76, 77, 78, 80, 82, 86, 91, 93, 94, 96, 97, 98, 100, 102, 103, 104, 106, 110, 112, 116, 119, 120, 121, 124, 125, 126, 129, 130, 131, 134, 135, 137, 138, 139, 142, 143, 144, 147, 148, 168, 169, 171, 189, 190, 191, 193, 194, 199, 200, 201, 206, 207, 208, 213, 221, 232, 262, 268, 270, 271, 279, 280, 284, 285, 286, 290, 292, 294, 299, 300, 301, 306, 308, 309, 310, 311, 315, 316, 322, 325, 327, 328, 330, 332, 333, 334, 335, 336, 340, 341, 342, 346, 347, 348, 349, 350, 354, 355, 356, 360, 361, 373, 384, 385, 388, 390, 391, 392, 393, 399, 400, 401, 402, 404, 406, 407, 408, 409, 410, 412, 427, 432, 438, 440, 447, 448, 449, 456, 457, 464, 466, 468, 470, 472, 474, 476, 484, 490, 504, 506, 508, 509, 510, 512, 525, 526, 527, 528, 530, 532, 546, 547, 549, 562, 563, 564, 570, 589, 595, 596, 597, 598, 599, 601, 603, 604, 608, 610, 627, 629, 630, 632, 633, 638, 640, 642, 645, 646, 647, 649, 650, 651, 655, 665, 667, 673, 683, 685, 686, 688, 689, 691, 692, 694, 697, 700, 701, 703, 706, 708, 709, 710, 711, 712, 714, 715, 717, 736, 741, 742, 744, 747, 749, 750, 751, 752, 753, 755, 757, 772, 773, 776, 777, 788, 789, 790, 791, 792, 794, 795, 800, 809, 816, 817, 823, 825, 831, 832, 834, 835, 837, 838, 840, 841, 843, 844, 846, 847, 848, 849, 850, 851, 852, 853, 854, 856, 858, 860, 862, 864, 867, 868, 870, 872, 874, 876, 877, 878, 879, 880, 883, 884, 885, 886, 887, 889, 890, 891, 892, 893, 896, 897, 898, 899, 911, 925, 926, 927, 932], "summary": {"covered_lines": 306, "num_statements": 343, "percent_covered": 89.21282798833819, "percent_covered_display": "89", "missing_lines": 37, "excluded_lines": 1}, "missing_lines": [83, 84, 85, 89, 95, 108, 109, 215, 223, 224, 230, 263, 295, 318, 363, 364, 366, 367, 395, 643, 652, 653, 695, 698, 704, 745, 774, 778, 796, 797, 798, 855, 857, 859, 861, 863, 865], "excluded_lines": [427], "functions": {"_mask_sensitive": {"executed_lines": [39, 40, 41], "summary": {"covered_lines": 3, "num_statements": 3, "percent_covered": 100.0, "percent_covered_display": "100", "missing_lines": 0, "excluded_lines": 0}, "missing_lines": [], "excluded_lines": []}, "CircuitBreaker.__init__": {"executed_lines": [62, 63, 64, 65, 66, 67], "summary": {"covered_lines": 6, "num_statements": 6, "percent_covered": 100.0, "percent_covered_display": "100", "missing_lines": 0, "excluded_lines": 0}, "missing_lines": [], "excluded_lines": []}, "CircuitBreaker.can_execute": {"executed_lines": [76, 77, 78, 80, 82, 86], "summary": {"covered_lines": 6, "num_statements": 10, "percent_covered": 60.0, "percent_covered_display": "60", "missing_lines": 4, "excluded_lines": 0}, "missing_lines": [83, 84, 85, 89], "excluded_lines": []}, "CircuitBreaker.record_success": {"executed_lines": [93, 94, 96, 97, 98], "summary": {"covered_lines": 5, "num_statements": 6, "percent_covered": 83.33333333333333, "percent_covered_display": "83", "missing_lines": 1, "excluded_lines": 0}, "missing_lines": [95], "excluded_lines": []}, "CircuitBreaker.record_failure": {"executed_lines": [102, 103, 104, 106, 110, 112, 116], "summary": {"covered_lines": 7, "num_statements": 9, "percent_covered": 77.77777777777777, "percent_covered_display": "78", "missing_lines": 2, "excluded_lines": 0}, "missing_lines": [108, 109], "excluded_lines": []}, "RateLimitExceeded.__init__": {"executed_lines": [138, 139], "summary": {"covered_lines": 2, "num_statements": 2, "percent_covered": 100.0, "percent_covered_display": "100", "missing_lines": 0, "excluded_lines": 0}, "missing_lines": [], "excluded_lines": []}, "CloudRESTAdapter.__init__": {"executed_lines": [189, 190, 191, 193, 194, 199, 200, 201, 206, 207, 208], "summary": {"covered_lines": 11, "num_statements": 11, "percent_covered": 100.0, "percent_covered_display": "100", "missing_lines": 0, "excluded_lines": 0}, "missing_lines": [], "excluded_lines": []}, "CloudRESTAdapter._get_headers": {"executed_lines": [], "summary": {"covered_lines": 0, "num_statements": 1, "percent_covered": 0.0, "percent_covered_display": "0", "missing_lines": 1, "excluded_lines": 0}, "missing_lines": [215], "excluded_lines": []}, "CloudRESTAdapter._get_client": {"executed_lines": [], "summary": {"covered_lines": 0, "num_statements": 3, "percent_covered": 0.0, "percent_covered_display": "0", "missing_lines": 3, "excluded_lines": 0}, "missing_lines": [223, 224, 230], "excluded_lines": []}, "CloudRESTAdapter._request": {"executed_lines": [262, 268, 270, 271, 279, 280, 284, 285, 286, 290, 292, 294, 299, 300, 301, 306, 308, 309, 310, 311, 315, 316, 322, 325, 327, 328, 330, 332, 333, 334, 335, 336, 340, 341, 342, 346, 347, 348, 349, 350, 354, 355, 356, 360, 361], "summary": {"covered_lines": 45, "num_statements": 52, "percent_covered": 86.53846153846153, "percent_covered_display": "87", "missing_lines": 7, "excluded_lines": 0}, "missing_lines": [263, 295, 318, 363, 364, 366, 367], "excluded_lines": []}, "CloudRESTAdapter.connect": {"executed_lines": [384, 385, 388, 390, 391, 392, 393, 399, 400, 401, 402], "summary": {"covered_lines": 11, "num_statements": 12, "percent_covered": 91.66666666666667, "percent_covered_display": "92", "missing_lines": 1, "excluded_lines": 0}, "missing_lines": [395], "excluded_lines": []}, "CloudRESTAdapter.disconnect": {"executed_lines": [406, 407, 408, 409, 410], "summary": {"covered_lines": 5, "num_statements": 5, "percent_covered": 100.0, "percent_covered_display": "100", "missing_lines": 0, "excluded_lines": 0}, "missing_lines": [], "excluded_lines": []}, "CloudRESTAdapter.execute_query": {"executed_lines": [427], "summary": {"covered_lines": 0, "num_statements": 0, "percent_covered": 100.0, "percent_covered_display": "100", "missing_lines": 0, "excluded_lines": 1}, "missing_lines": [], "excluded_lines": [427]}, "CloudRESTAdapter.initialize_schema": {"executed_lines": [438], "summary": {"covered_lines": 1, "num_statements": 1, "percent_covered": 100.0, "percent_covered_display": "100", "missing_lines": 0, "excluded_lines": 0}, "missing_lines": [], "excluded_lines": []}, "CloudRESTAdapter.health_check": {"executed_lines": [447, 448, 449, 456, 457], "summary": {"covered_lines": 5, "num_statements": 5, "percent_covered": 100.0, "percent_covered_display": "100", "missing_lines": 0, "excluded_lines": 0}, "missing_lines": [], "excluded_lines": []}, "CloudRESTAdapter.backend_name": {"executed_lines": [466], "summary": {"covered_lines": 1, "num_statements": 1, "percent_covered": 100.0, "percent_covered_display": "100", "missing_lines": 0, "excluded_lines": 0}, "missing_lines": [], "excluded_lines": []}, "CloudRESTAdapter.supports_fulltext_search": {"executed_lines": [470], "summary": {"covered_lines": 1, "num_statements": 1, "percent_covered": 100.0, "percent_covered_display": "100", "missing_lines": 0, "excluded_lines": 0}, "missing_lines": [], "excluded_lines": []}, "CloudRESTAdapter.supports_transactions": {"executed_lines": [474], "summary": {"covered_lines": 1, "num_statements": 1, "percent_covered": 100.0, "percent_covered_display": "100", "missing_lines": 0, "excluded_lines": 0}, "missing_lines": [], "excluded_lines": []}, "CloudRESTAdapter.is_cypher_capable": {"executed_lines": [484], "summary": {"covered_lines": 1, "num_statements": 1, "percent_covered": 100.0, "percent_covered_display": "100", "missing_lines": 0, "excluded_lines": 0}, "missing_lines": [], "excluded_lines": []}, "CloudRESTAdapter.store_memory": {"executed_lines": [504, 506, 508, 509, 510], "summary": {"covered_lines": 5, "num_statements": 5, "percent_covered": 100.0, "percent_covered_display": "100", "missing_lines": 0, "excluded_lines": 0}, "missing_lines": [], "excluded_lines": []}, "CloudRESTAdapter.get_memory": {"executed_lines": [525, 526, 527, 528, 530], "summary": {"covered_lines": 5, "num_statements": 5, "percent_covered": 100.0, "percent_covered_display": "100", "missing_lines": 0, "excluded_lines": 0}, "missing_lines": [], "excluded_lines": []}, "CloudRESTAdapter.update_memory": {"executed_lines": [546, 547], "summary": {"covered_lines": 2, "num_statements": 2, "percent_covered": 100.0, "percent_covered_display": "100", "missing_lines": 0, "excluded_lines": 0}, "missing_lines": [], "excluded_lines": []}, "CloudRESTAdapter.delete_memory": {"executed_lines": [562, 563, 564], "summary": {"covered_lines": 3, "num_statements": 3, "percent_covered": 100.0, "percent_covered_display": "100", "missing_lines": 0, "excluded_lines": 0}, "missing_lines": [], "excluded_lines": []}, "CloudRESTAdapter.create_relationship": {"executed_lines": [589, 595, 596, 597, 598, 599, 601, 603, 604, 608], "summary": {"covered_lines": 10, "num_statements": 10, "percent_covered": 100.0, "percent_covered_display": "100", "missing_lines": 0, "excluded_lines": 0}, "missing_lines": [], "excluded_lines": []}, "CloudRESTAdapter.get_related_memories": {"executed_lines": [627, 629, 630, 632, 633, 638, 640, 642, 645, 646, 647, 649, 650, 651, 655, 665, 667], "summary": {"covered_lines": 17, "num_statements": 20, "percent_covered": 85.0, "percent_covered_display": "85", "missing_lines": 3, "excluded_lines": 0}, "missing_lines": [643, 652, 653], "excluded_lines": []}, "CloudRESTAdapter.search_memories": {"executed_lines": [683, 685, 686, 688, 689, 691, 692, 694, 697, 700, 701, 703, 706, 708, 709, 710, 711, 712, 714, 715], "summary": {"covered_lines": 20, "num_statements": 23, "percent_covered": 86.95652173913044, "percent_covered_display": "87", "missing_lines": 3, "excluded_lines": 0}, "missing_lines": [695, 698, 704], "excluded_lines": []}, "CloudRESTAdapter.recall_memories": {"executed_lines": [736, 741, 742, 744, 747, 749, 750, 751, 752, 753, 755], "summary": {"covered_lines": 11, "num_statements": 12, "percent_covered": 91.66666666666667, "percent_covered_display": "92", "missing_lines": 1, "excluded_lines": 0}, "missing_lines": [745], "excluded_lines": []}, "CloudRESTAdapter.get_recent_activity": {"executed_lines": [772, 773, 776, 777, 788, 789, 790, 791, 792, 794, 795, 800], "summary": {"covered_lines": 12, "num_statements": 17, "percent_covered": 70.58823529411765, "percent_covered_display": "71", "missing_lines": 5, "excluded_lines": 0}, "missing_lines": [774, 778, 796, 797, 798], "excluded_lines": []}, "CloudRESTAdapter.get_statistics": {"executed_lines": [816, 817], "summary": {"covered_lines": 2, "num_statements": 2, "percent_covered": 100.0, "percent_covered_display": "100", "missing_lines": 0, "excluded_lines": 0}, "missing_lines": [], "excluded_lines": []}, "CloudRESTAdapter._memory_to_api_payload": {"executed_lines": [825, 831, 832, 834, 835, 837, 838, 840, 841, 843, 844, 846, 847, 848, 849, 850, 851, 852, 853, 854, 856, 858, 860, 862, 864, 867, 868, 870], "summary": {"covered_lines": 28, "num_statements": 34, "percent_covered": 82.3529411764706, "percent_covered_display": "82", "missing_lines": 6, "excluded_lines": 0}, "missing_lines": [855, 857, 859, 861, 863, 865], "excluded_lines": []}, "CloudRESTAdapter._api_response_to_memory": {"executed_lines": [874, 876, 877, 878, 879, 880, 883, 884, 885, 886, 887, 889, 890, 891, 892, 893, 896, 897, 898, 899, 911, 925, 926, 927], "summary": {"covered_lines": 24, "num_statements": 24, "percent_covered": 100.0, "percent_covered_display": "100", "missing_lines": 0, "excluded_lines": 0}, "missing_lines": [], "excluded_lines": []}, "": {"executed_lines": [1, 8, 9, 10, 11, 12, 13, 15, 17, 18, 23, 25, 28, 44, 45, 54, 69, 91, 100, 119, 120, 121, 124, 125, 126, 129, 130, 131, 134, 135, 137, 142, 143, 144, 147, 148, 168, 169, 171, 213, 221, 232, 373, 404, 412, 432, 440, 464, 468, 472, 476, 490, 512, 532, 549, 570, 610, 673, 717, 757, 809, 823, 872, 932], "summary": {"covered_lines": 56, "num_statements": 56, "percent_covered": 100.0, "percent_covered_display": "100", "missing_lines": 0, "excluded_lines": 0}, "missing_lines": [], "excluded_lines": []}}, "classes": {"CircuitBreaker": {"executed_lines": [62, 63, 64, 65, 66, 67, 76, 77, 78, 80, 82, 86, 93, 94, 96, 97, 98, 102, 103, 104, 106, 110, 112, 116], "summary": {"covered_lines": 24, "num_statements": 31, "percent_covered": 77.41935483870968, "percent_covered_display": "77", "missing_lines": 7, "excluded_lines": 0}, "missing_lines": [83, 84, 85, 89, 95, 108, 109], "excluded_lines": []}, "CloudBackendError": {"executed_lines": [], "summary": {"covered_lines": 0, "num_statements": 0, "percent_covered": 100.0, "percent_covered_display": "100", "missing_lines": 0, "excluded_lines": 0}, "missing_lines": [], "excluded_lines": []}, "AuthenticationError": {"executed_lines": [], "summary": {"covered_lines": 0, "num_statements": 0, "percent_covered": 100.0, "percent_covered_display": "100", "missing_lines": 0, "excluded_lines": 0}, "missing_lines": [], "excluded_lines": []}, "UsageLimitExceeded": {"executed_lines": [], "summary": {"covered_lines": 0, "num_statements": 0, "percent_covered": 100.0, "percent_covered_display": "100", "missing_lines": 0, "excluded_lines": 0}, "missing_lines": [], "excluded_lines": []}, "RateLimitExceeded": {"executed_lines": [138, 139], "summary": {"covered_lines": 2, "num_statements": 2, "percent_covered": 100.0, "percent_covered_display": "100", "missing_lines": 0, "excluded_lines": 0}, "missing_lines": [], "excluded_lines": []}, "CircuitBreakerOpenError": {"executed_lines": [], "summary": {"covered_lines": 0, "num_statements": 0, "percent_covered": 100.0, "percent_covered_display": "100", "missing_lines": 0, "excluded_lines": 0}, "missing_lines": [], "excluded_lines": []}, "CloudRESTAdapter": {"executed_lines": [189, 190, 191, 193, 194, 199, 200, 201, 206, 207, 208, 262, 268, 270, 271, 279, 280, 284, 285, 286, 290, 292, 294, 299, 300, 301, 306, 308, 309, 310, 311, 315, 316, 322, 325, 327, 328, 330, 332, 333, 334, 335, 336, 340, 341, 342, 346, 347, 348, 349, 350, 354, 355, 356, 360, 361, 384, 385, 388, 390, 391, 392, 393, 399, 400, 401, 402, 406, 407, 408, 409, 410, 427, 438, 447, 448, 449, 456, 457, 466, 470, 474, 484, 504, 506, 508, 509, 510, 525, 526, 527, 528, 530, 546, 547, 562, 563, 564, 589, 595, 596, 597, 598, 599, 601, 603, 604, 608, 627, 629, 630, 632, 633, 638, 640, 642, 645, 646, 647, 649, 650, 651, 655, 665, 667, 683, 685, 686, 688, 689, 691, 692, 694, 697, 700, 701, 703, 706, 708, 709, 710, 711, 712, 714, 715, 736, 741, 742, 744, 747, 749, 750, 751, 752, 753, 755, 772, 773, 776, 777, 788, 789, 790, 791, 792, 794, 795, 800, 816, 817, 825, 831, 832, 834, 835, 837, 838, 840, 841, 843, 844, 846, 847, 848, 849, 850, 851, 852, 853, 854, 856, 858, 860, 862, 864, 867, 868, 870, 874, 876, 877, 878, 879, 880, 883, 884, 885, 886, 887, 889, 890, 891, 892, 893, 896, 897, 898, 899, 911, 925, 926, 927], "summary": {"covered_lines": 221, "num_statements": 251, "percent_covered": 88.04780876494024, "percent_covered_display": "88", "missing_lines": 30, "excluded_lines": 1}, "missing_lines": [215, 223, 224, 230, 263, 295, 318, 363, 364, 366, 367, 395, 643, 652, 653, 695, 698, 704, 745, 774, 778, 796, 797, 798, 855, 857, 859, 861, 863, 865], "excluded_lines": [427]}, "": {"executed_lines": [1, 8, 9, 10, 11, 12, 13, 15, 17, 18, 23, 25, 28, 39, 40, 41, 44, 45, 54, 69, 91, 100, 119, 120, 121, 124, 125, 126, 129, 130, 131, 134, 135, 137, 142, 143, 144, 147, 148, 168, 169, 171, 213, 221, 232, 373, 404, 412, 432, 440, 464, 468, 472, 476, 490, 512, 532, 549, 570, 610, 673, 717, 757, 809, 823, 872, 932], "summary": {"covered_lines": 59, "num_statements": 59, "percent_covered": 100.0, "percent_covered_display": "100", "missing_lines": 0, "excluded_lines": 0}, "missing_lines": [], "excluded_lines": []}}}, "src/memorygraph/backends/factory.py": {"executed_lines": [1, 8, 9, 10, 12, 13, 14, 16, 19, 20, 31, 32, 53, 55, 56, 57, 59, 60, 61, 63, 64, 65, 67, 68, 69, 71, 72, 73, 75, 76, 77, 79, 80, 81, 83, 84, 85, 87, 88, 89, 92, 97, 98, 109, 110, 111, 112, 113, 114, 115, 116, 117, 120, 121, 122, 123, 124, 125, 126, 127, 128, 131, 132, 133, 134, 135, 136, 137, 138, 143, 144, 155, 157, 158, 159, 161, 162, 167, 168, 170, 172, 173, 184, 186, 187, 188, 190, 191, 193, 195, 196, 207, 209, 210, 211, 213, 214, 216, 218, 219, 230, 232, 234, 235, 237, 239, 240, 251, 253, 255, 256, 259, 261, 262, 273, 275, 276, 277, 279, 280, 282, 283, 294, 296, 297, 298, 300, 305, 307, 308, 310, 311, 322, 324, 325, 326, 328, 329, 334, 339, 341, 343, 344, 367, 369, 371, 372, 373, 375, 376, 378, 381, 382, 388, 389, 395, 397, 398, 399, 400, 401, 402, 404, 406, 408, 414, 415, 421, 422, 428, 433, 434, 435, 437, 438, 440, 442, 443, 445, 446, 448, 449, 451, 453, 454, 456, 458, 459, 461, 463, 464, 466, 468, 469, 475, 477, 478, 480, 481, 483, 485, 486, 492, 494, 495, 497, 499, 500, 506, 508, 509, 511, 513, 514, 520, 522, 527, 529, 530, 532, 533, 539, 541, 542, 544, 549, 551, 553, 554, 561, 563, 564, 574, 575, 576, 577, 578, 579, 580, 581, 582, 583, 584, 585, 586, 587, 589], "summary": {"covered_lines": 245, "num_statements": 246, "percent_covered": 99.59349593495935, "percent_covered_display": "99", "missing_lines": 1, "excluded_lines": 0}, "missing_lines": [379], "excluded_lines": [], "functions": {"BackendFactory.create_backend": {"executed_lines": [53, 55, 56, 57, 59, 60, 61, 63, 64, 65, 67, 68, 69, 71, 72, 73, 75, 76, 77, 79, 80, 81, 83, 84, 85, 87, 88, 89, 92], "summary": {"covered_lines": 29, "num_statements": 29, "percent_covered": 100.0, "percent_covered_display": "100", "missing_lines": 0, "excluded_lines": 0}, "missing_lines": [], "excluded_lines": []}, "BackendFactory._auto_select_backend": {"executed_lines": [109, 110, 111, 112, 113, 114, 115, 116, 117, 120, 121, 122, 123, 124, 125, 126, 127, 128, 131, 132, 133, 134, 135, 136, 137, 138], "summary": {"covered_lines": 26, "num_statements": 26, "percent_covered": 100.0, "percent_covered_display": "100", "missing_lines": 0, "excluded_lines": 0}, "missing_lines": [], "excluded_lines": []}, "BackendFactory._create_neo4j": {"executed_lines": [155, 157, 158, 159, 161, 162, 167, 168, 170], "summary": {"covered_lines": 9, "num_statements": 9, "percent_covered": 100.0, "percent_covered_display": "100", "missing_lines": 0, "excluded_lines": 0}, "missing_lines": [], "excluded_lines": []}, "BackendFactory._create_memgraph": {"executed_lines": [184, 186, 187, 188, 190, 191, 193], "summary": {"covered_lines": 7, "num_statements": 7, "percent_covered": 100.0, "percent_covered_display": "100", "missing_lines": 0, "excluded_lines": 0}, "missing_lines": [], "excluded_lines": []}, "BackendFactory._create_falkordb": {"executed_lines": [207, 209, 210, 211, 213, 214, 216], "summary": {"covered_lines": 7, "num_statements": 7, "percent_covered": 100.0, "percent_covered_display": "100", "missing_lines": 0, "excluded_lines": 0}, "missing_lines": [], "excluded_lines": []}, "BackendFactory._create_falkordblite": {"executed_lines": [230, 232, 234, 235, 237], "summary": {"covered_lines": 5, "num_statements": 5, "percent_covered": 100.0, "percent_covered_display": "100", "missing_lines": 0, "excluded_lines": 0}, "missing_lines": [], "excluded_lines": []}, "BackendFactory._create_ladybugdb": {"executed_lines": [251, 253, 255, 256, 259], "summary": {"covered_lines": 5, "num_statements": 5, "percent_covered": 100.0, "percent_covered_display": "100", "missing_lines": 0, "excluded_lines": 0}, "missing_lines": [], "excluded_lines": []}, "BackendFactory._create_sqlite": {"executed_lines": [273, 275, 276, 277, 279, 280], "summary": {"covered_lines": 6, "num_statements": 6, "percent_covered": 100.0, "percent_covered_display": "100", "missing_lines": 0, "excluded_lines": 0}, "missing_lines": [], "excluded_lines": []}, "BackendFactory._create_turso": {"executed_lines": [294, 296, 297, 298, 300, 305, 307, 308], "summary": {"covered_lines": 8, "num_statements": 8, "percent_covered": 100.0, "percent_covered_display": "100", "missing_lines": 0, "excluded_lines": 0}, "missing_lines": [], "excluded_lines": []}, "BackendFactory._create_cloud": {"executed_lines": [322, 324, 325, 326, 328, 329, 334, 339, 341], "summary": {"covered_lines": 9, "num_statements": 9, "percent_covered": 100.0, "percent_covered_display": "100", "missing_lines": 0, "excluded_lines": 0}, "missing_lines": [], "excluded_lines": []}, "BackendFactory.create_from_config": {"executed_lines": [367, 369, 371, 372, 373, 375, 376, 378, 381, 382, 388, 389, 395, 397, 398, 399, 400, 401, 402, 404, 406, 408, 414, 415, 421, 422, 428, 433, 434, 435], "summary": {"covered_lines": 30, "num_statements": 31, "percent_covered": 96.7741935483871, "percent_covered_display": "97", "missing_lines": 1, "excluded_lines": 0}, "missing_lines": [379], "excluded_lines": []}, "BackendFactory._create_sqlite_with_path": {"executed_lines": [440, 442, 443, 445, 446], "summary": {"covered_lines": 5, "num_statements": 5, "percent_covered": 100.0, "percent_covered_display": "100", "missing_lines": 0, "excluded_lines": 0}, "missing_lines": [], "excluded_lines": []}, "BackendFactory._create_falkordblite_with_path": {"executed_lines": [451, 453, 454, 456], "summary": {"covered_lines": 4, "num_statements": 4, "percent_covered": 100.0, "percent_covered_display": "100", "missing_lines": 0, "excluded_lines": 0}, "missing_lines": [], "excluded_lines": []}, "BackendFactory._create_ladybugdb_with_path": {"executed_lines": [461, 463, 464, 466], "summary": {"covered_lines": 4, "num_statements": 4, "percent_covered": 100.0, "percent_covered_display": "100", "missing_lines": 0, "excluded_lines": 0}, "missing_lines": [], "excluded_lines": []}, "BackendFactory._create_neo4j_with_config": {"executed_lines": [475, 477, 478, 480, 481, 483], "summary": {"covered_lines": 6, "num_statements": 6, "percent_covered": 100.0, "percent_covered_display": "100", "missing_lines": 0, "excluded_lines": 0}, "missing_lines": [], "excluded_lines": []}, "BackendFactory._create_memgraph_with_config": {"executed_lines": [492, 494, 495, 497], "summary": {"covered_lines": 4, "num_statements": 4, "percent_covered": 100.0, "percent_covered_display": "100", "missing_lines": 0, "excluded_lines": 0}, "missing_lines": [], "excluded_lines": []}, "BackendFactory._create_falkordb_with_config": {"executed_lines": [506, 508, 509, 511], "summary": {"covered_lines": 4, "num_statements": 4, "percent_covered": 100.0, "percent_covered_display": "100", "missing_lines": 0, "excluded_lines": 0}, "missing_lines": [], "excluded_lines": []}, "BackendFactory._create_turso_with_config": {"executed_lines": [520, 522, 527, 529, 530], "summary": {"covered_lines": 5, "num_statements": 5, "percent_covered": 100.0, "percent_covered_display": "100", "missing_lines": 0, "excluded_lines": 0}, "missing_lines": [], "excluded_lines": []}, "BackendFactory._create_cloud_with_config": {"executed_lines": [539, 541, 542, 544, 549, 551], "summary": {"covered_lines": 6, "num_statements": 6, "percent_covered": 100.0, "percent_covered_display": "100", "missing_lines": 0, "excluded_lines": 0}, "missing_lines": [], "excluded_lines": []}, "BackendFactory.get_configured_backend_type": {"executed_lines": [561], "summary": {"covered_lines": 1, "num_statements": 1, "percent_covered": 100.0, "percent_covered_display": "100", "missing_lines": 0, "excluded_lines": 0}, "missing_lines": [], "excluded_lines": []}, "BackendFactory.is_backend_configured": {"executed_lines": [574, 575, 576, 577, 578, 579, 580, 581, 582, 583, 584, 585, 586, 587, 589], "summary": {"covered_lines": 15, "num_statements": 15, "percent_covered": 100.0, "percent_covered_display": "100", "missing_lines": 0, "excluded_lines": 0}, "missing_lines": [], "excluded_lines": []}, "": {"executed_lines": [1, 8, 9, 10, 12, 13, 14, 16, 19, 20, 31, 32, 97, 98, 143, 144, 172, 173, 195, 196, 218, 219, 239, 240, 261, 262, 282, 283, 310, 311, 343, 344, 437, 438, 448, 449, 458, 459, 468, 469, 485, 486, 499, 500, 513, 514, 532, 533, 553, 554, 563, 564], "summary": {"covered_lines": 50, "num_statements": 50, "percent_covered": 100.0, "percent_covered_display": "100", "missing_lines": 0, "excluded_lines": 0}, "missing_lines": [], "excluded_lines": []}}, "classes": {"BackendFactory": {"executed_lines": [53, 55, 56, 57, 59, 60, 61, 63, 64, 65, 67, 68, 69, 71, 72, 73, 75, 76, 77, 79, 80, 81, 83, 84, 85, 87, 88, 89, 92, 109, 110, 111, 112, 113, 114, 115, 116, 117, 120, 121, 122, 123, 124, 125, 126, 127, 128, 131, 132, 133, 134, 135, 136, 137, 138, 155, 157, 158, 159, 161, 162, 167, 168, 170, 184, 186, 187, 188, 190, 191, 193, 207, 209, 210, 211, 213, 214, 216, 230, 232, 234, 235, 237, 251, 253, 255, 256, 259, 273, 275, 276, 277, 279, 280, 294, 296, 297, 298, 300, 305, 307, 308, 322, 324, 325, 326, 328, 329, 334, 339, 341, 367, 369, 371, 372, 373, 375, 376, 378, 381, 382, 388, 389, 395, 397, 398, 399, 400, 401, 402, 404, 406, 408, 414, 415, 421, 422, 428, 433, 434, 435, 440, 442, 443, 445, 446, 451, 453, 454, 456, 461, 463, 464, 466, 475, 477, 478, 480, 481, 483, 492, 494, 495, 497, 506, 508, 509, 511, 520, 522, 527, 529, 530, 539, 541, 542, 544, 549, 551, 561, 574, 575, 576, 577, 578, 579, 580, 581, 582, 583, 584, 585, 586, 587, 589], "summary": {"covered_lines": 195, "num_statements": 196, "percent_covered": 99.48979591836735, "percent_covered_display": "99", "missing_lines": 1, "excluded_lines": 0}, "missing_lines": [379], "excluded_lines": []}, "": {"executed_lines": [1, 8, 9, 10, 12, 13, 14, 16, 19, 20, 31, 32, 97, 98, 143, 144, 172, 173, 195, 196, 218, 219, 239, 240, 261, 262, 282, 283, 310, 311, 343, 344, 437, 438, 448, 449, 458, 459, 468, 469, 485, 486, 499, 500, 513, 514, 532, 533, 553, 554, 563, 564], "summary": {"covered_lines": 50, "num_statements": 50, "percent_covered": 100.0, "percent_covered_display": "100", "missing_lines": 0, "excluded_lines": 0}, "missing_lines": [], "excluded_lines": []}}}, "src/memorygraph/backends/falkordb_backend.py": {"executed_lines": [1, 8, 9, 10, 12, 13, 27, 28, 29, 30, 32, 35, 36, 38, 54, 55, 56, 57, 58, 59, 60, 62, 72, 74, 75, 83, 86, 89, 90, 92, 93, 95, 96, 97, 99, 101, 103, 104, 105, 106, 108, 128, 129, 131, 133, 135, 138, 139, 140, 142, 144, 145, 146, 148, 155, 158, 163, 171, 172, 179, 180, 183, 184, 185, 186, 187, 189, 191, 192, 193, 194, 195, 197, 199, 201, 215, 216, 219, 222, 223, 225, 231, 237, 238, 239, 249, 263, 264, 269, 271, 272, 274, 275, 283, 296, 297, 298, 301, 302, 303, 305, 309, 313, 317, 321, 326, 328, 336, 338, 340, 341, 342, 343, 344, 346, 347, 355, 369, 370, 373, 376, 377, 379, 385, 391, 392, 393, 395, 403, 416, 417, 423, 425, 426, 427, 429, 437, 460, 461, 463, 467, 468, 469, 470, 472, 479, 489, 490, 491, 504, 524, 526, 527, 536, 548, 550, 551, 552, 553, 554, 555, 557, 558, 562, 573, 575, 576, 584, 594, 606, 607, 608, 609, 610, 611, 613, 614, 615, 616, 618, 620, 627, 635, 636, 638, 639, 640, 641, 648, 650, 652, 654, 656, 658, 660, 662, 666, 676, 677, 679, 680], "summary": {"covered_lines": 199, "num_statements": 267, "percent_covered": 74.53183520599251, "percent_covered_display": "75", "missing_lines": 68, "excluded_lines": 0}, "missing_lines": [76, 77, 84, 217, 241, 243, 244, 245, 246, 247, 277, 278, 279, 280, 281, 306, 307, 310, 311, 314, 315, 318, 319, 322, 323, 349, 350, 351, 352, 353, 371, 397, 398, 399, 400, 401, 431, 432, 433, 434, 435, 464, 493, 498, 499, 500, 501, 502, 529, 530, 531, 532, 533, 534, 559, 560, 578, 579, 580, 581, 582, 644, 645, 646, 664, 702, 703, 704], "excluded_lines": [], "functions": {"FalkorDBBackend.__init__": {"executed_lines": [54, 55, 56, 57, 58, 59, 60], "summary": {"covered_lines": 7, "num_statements": 7, "percent_covered": 100.0, "percent_covered_display": "100", "missing_lines": 0, "excluded_lines": 0}, "missing_lines": [], "excluded_lines": []}, "FalkorDBBackend.connect": {"executed_lines": [72, 74, 75, 83, 86, 89, 90, 92, 93, 95, 96, 97], "summary": {"covered_lines": 12, "num_statements": 15, "percent_covered": 80.0, "percent_covered_display": "80", "missing_lines": 3, "excluded_lines": 0}, "missing_lines": [76, 77, 84], "excluded_lines": []}, "FalkorDBBackend.disconnect": {"executed_lines": [101, 103, 104, 105, 106], "summary": {"covered_lines": 5, "num_statements": 5, "percent_covered": 100.0, "percent_covered_display": "100", "missing_lines": 0, "excluded_lines": 0}, "missing_lines": [], "excluded_lines": []}, "FalkorDBBackend.execute_query": {"executed_lines": [128, 129, 131, 133, 135, 138, 139, 140, 142, 144, 145, 146], "summary": {"covered_lines": 12, "num_statements": 12, "percent_covered": 100.0, "percent_covered_display": "100", "missing_lines": 0, "excluded_lines": 0}, "missing_lines": [], "excluded_lines": []}, "FalkorDBBackend.initialize_schema": {"executed_lines": [155, 158, 163, 171, 172, 179, 180, 183, 184, 185, 186, 187, 189, 191, 192, 193, 194, 195, 197, 199], "summary": {"covered_lines": 20, "num_statements": 20, "percent_covered": 100.0, "percent_covered_display": "100", "missing_lines": 0, "excluded_lines": 0}, "missing_lines": [], "excluded_lines": []}, "FalkorDBBackend.store_memory": {"executed_lines": [215, 216, 219, 222, 223, 225, 231, 237, 238, 239], "summary": {"covered_lines": 10, "num_statements": 17, "percent_covered": 58.8235294117647, "percent_covered_display": "59", "missing_lines": 7, "excluded_lines": 0}, "missing_lines": [217, 241, 243, 244, 245, 246, 247], "excluded_lines": []}, "FalkorDBBackend.get_memory": {"executed_lines": [263, 264, 269, 271, 272, 274, 275], "summary": {"covered_lines": 7, "num_statements": 12, "percent_covered": 58.333333333333336, "percent_covered_display": "58", "missing_lines": 5, "excluded_lines": 0}, "missing_lines": [277, 278, 279, 280, 281], "excluded_lines": []}, "FalkorDBBackend.search_memories": {"executed_lines": [296, 297, 298, 301, 302, 303, 305, 309, 313, 317, 321, 326, 328, 336, 338, 340, 341, 342, 343, 344, 346, 347], "summary": {"covered_lines": 22, "num_statements": 37, "percent_covered": 59.45945945945946, "percent_covered_display": "59", "missing_lines": 15, "excluded_lines": 0}, "missing_lines": [306, 307, 310, 311, 314, 315, 318, 319, 322, 323, 349, 350, 351, 352, 353], "excluded_lines": []}, "FalkorDBBackend.update_memory": {"executed_lines": [369, 370, 373, 376, 377, 379, 385, 391, 392, 393, 395], "summary": {"covered_lines": 11, "num_statements": 17, "percent_covered": 64.70588235294117, "percent_covered_display": "65", "missing_lines": 6, "excluded_lines": 0}, "missing_lines": [371, 397, 398, 399, 400, 401], "excluded_lines": []}, "FalkorDBBackend.delete_memory": {"executed_lines": [416, 417, 423, 425, 426, 427, 429], "summary": {"covered_lines": 7, "num_statements": 12, "percent_covered": 58.333333333333336, "percent_covered_display": "58", "missing_lines": 5, "excluded_lines": 0}, "missing_lines": [431, 432, 433, 434, 435], "excluded_lines": []}, "FalkorDBBackend.create_relationship": {"executed_lines": [460, 461, 463, 467, 468, 469, 470, 472, 479, 489, 490, 491], "summary": {"covered_lines": 12, "num_statements": 19, "percent_covered": 63.1578947368421, "percent_covered_display": "63", "missing_lines": 7, "excluded_lines": 0}, "missing_lines": [464, 493, 498, 499, 500, 501, 502], "excluded_lines": []}, "FalkorDBBackend.get_related_memories": {"executed_lines": [524, 526, 527, 536, 548, 550, 551, 552, 553, 554, 555, 557, 558, 562, 573, 575, 576], "summary": {"covered_lines": 17, "num_statements": 30, "percent_covered": 56.666666666666664, "percent_covered_display": "57", "missing_lines": 13, "excluded_lines": 0}, "missing_lines": [529, 530, 531, 532, 533, 534, 559, 560, 578, 579, 580, 581, 582], "excluded_lines": []}, "FalkorDBBackend.get_memory_statistics": {"executed_lines": [594, 606, 607, 608, 609, 610, 611, 613, 614, 615, 616, 618], "summary": {"covered_lines": 12, "num_statements": 12, "percent_covered": 100.0, "percent_covered_display": "100", "missing_lines": 0, "excluded_lines": 0}, "missing_lines": [], "excluded_lines": []}, "FalkorDBBackend.health_check": {"executed_lines": [627, 635, 636, 638, 639, 640, 641, 648], "summary": {"covered_lines": 8, "num_statements": 11, "percent_covered": 72.72727272727273, "percent_covered_display": "73", "missing_lines": 3, "excluded_lines": 0}, "missing_lines": [644, 645, 646], "excluded_lines": []}, "FalkorDBBackend.backend_name": {"executed_lines": [652], "summary": {"covered_lines": 1, "num_statements": 1, "percent_covered": 100.0, "percent_covered_display": "100", "missing_lines": 0, "excluded_lines": 0}, "missing_lines": [], "excluded_lines": []}, "FalkorDBBackend.supports_fulltext_search": {"executed_lines": [656], "summary": {"covered_lines": 1, "num_statements": 1, "percent_covered": 100.0, "percent_covered_display": "100", "missing_lines": 0, "excluded_lines": 0}, "missing_lines": [], "excluded_lines": []}, "FalkorDBBackend.supports_transactions": {"executed_lines": [660], "summary": {"covered_lines": 1, "num_statements": 1, "percent_covered": 100.0, "percent_covered_display": "100", "missing_lines": 0, "excluded_lines": 0}, "missing_lines": [], "excluded_lines": []}, "FalkorDBBackend.is_cypher_capable": {"executed_lines": [], "summary": {"covered_lines": 0, "num_statements": 1, "percent_covered": 0.0, "percent_covered_display": "0", "missing_lines": 1, "excluded_lines": 0}, "missing_lines": [664], "excluded_lines": []}, "FalkorDBBackend._falkordb_to_memory": {"executed_lines": [676, 677], "summary": {"covered_lines": 2, "num_statements": 2, "percent_covered": 100.0, "percent_covered_display": "100", "missing_lines": 0, "excluded_lines": 0}, "missing_lines": [], "excluded_lines": []}, "FalkorDBBackend.create": {"executed_lines": [], "summary": {"covered_lines": 0, "num_statements": 3, "percent_covered": 0.0, "percent_covered_display": "0", "missing_lines": 3, "excluded_lines": 0}, "missing_lines": [702, 703, 704], "excluded_lines": []}, "": {"executed_lines": [1, 8, 9, 10, 12, 13, 27, 28, 29, 30, 32, 35, 36, 38, 62, 99, 108, 148, 201, 249, 283, 355, 403, 437, 504, 584, 620, 650, 654, 658, 662, 666, 679, 680], "summary": {"covered_lines": 32, "num_statements": 32, "percent_covered": 100.0, "percent_covered_display": "100", "missing_lines": 0, "excluded_lines": 0}, "missing_lines": [], "excluded_lines": []}}, "classes": {"FalkorDBBackend": {"executed_lines": [54, 55, 56, 57, 58, 59, 60, 72, 74, 75, 83, 86, 89, 90, 92, 93, 95, 96, 97, 101, 103, 104, 105, 106, 128, 129, 131, 133, 135, 138, 139, 140, 142, 144, 145, 146, 155, 158, 163, 171, 172, 179, 180, 183, 184, 185, 186, 187, 189, 191, 192, 193, 194, 195, 197, 199, 215, 216, 219, 222, 223, 225, 231, 237, 238, 239, 263, 264, 269, 271, 272, 274, 275, 296, 297, 298, 301, 302, 303, 305, 309, 313, 317, 321, 326, 328, 336, 338, 340, 341, 342, 343, 344, 346, 347, 369, 370, 373, 376, 377, 379, 385, 391, 392, 393, 395, 416, 417, 423, 425, 426, 427, 429, 460, 461, 463, 467, 468, 469, 470, 472, 479, 489, 490, 491, 524, 526, 527, 536, 548, 550, 551, 552, 553, 554, 555, 557, 558, 562, 573, 575, 576, 594, 606, 607, 608, 609, 610, 611, 613, 614, 615, 616, 618, 627, 635, 636, 638, 639, 640, 641, 648, 652, 656, 660, 676, 677], "summary": {"covered_lines": 167, "num_statements": 235, "percent_covered": 71.06382978723404, "percent_covered_display": "71", "missing_lines": 68, "excluded_lines": 0}, "missing_lines": [76, 77, 84, 217, 241, 243, 244, 245, 246, 247, 277, 278, 279, 280, 281, 306, 307, 310, 311, 314, 315, 318, 319, 322, 323, 349, 350, 351, 352, 353, 371, 397, 398, 399, 400, 401, 431, 432, 433, 434, 435, 464, 493, 498, 499, 500, 501, 502, 529, 530, 531, 532, 533, 534, 559, 560, 578, 579, 580, 581, 582, 644, 645, 646, 664, 702, 703, 704], "excluded_lines": []}, "": {"executed_lines": [1, 8, 9, 10, 12, 13, 27, 28, 29, 30, 32, 35, 36, 38, 62, 99, 108, 148, 201, 249, 283, 355, 403, 437, 504, 584, 620, 650, 654, 658, 662, 666, 679, 680], "summary": {"covered_lines": 32, "num_statements": 32, "percent_covered": 100.0, "percent_covered_display": "100", "missing_lines": 0, "excluded_lines": 0}, "missing_lines": [], "excluded_lines": []}}}, "src/memorygraph/backends/falkordblite_backend.py": {"executed_lines": [1, 9, 10, 11, 12, 14, 15, 29, 30, 31, 32, 34, 37, 38, 40, 52, 53, 54, 56, 57, 59, 60, 61, 62, 63, 65, 75, 77, 78, 86, 89, 90, 92, 93, 95, 96, 97, 99, 101, 103, 104, 105, 106, 108, 128, 129, 131, 133, 135, 138, 139, 140, 142, 144, 145, 146, 148, 155, 158, 163, 171, 172, 179, 180, 183, 184, 185, 186, 187, 189, 191, 192, 193, 194, 195, 197, 199, 201, 215, 216, 219, 222, 223, 225, 231, 237, 238, 239, 249, 263, 264, 269, 271, 272, 274, 275, 283, 296, 297, 298, 301, 302, 303, 305, 309, 313, 317, 321, 326, 328, 336, 338, 340, 341, 342, 343, 344, 346, 347, 355, 369, 370, 373, 376, 377, 379, 385, 391, 392, 393, 395, 403, 416, 417, 423, 425, 426, 427, 429, 437, 460, 461, 463, 467, 468, 469, 470, 472, 479, 489, 490, 491, 504, 524, 526, 527, 536, 548, 550, 551, 552, 553, 554, 555, 557, 558, 562, 573, 575, 576, 584, 594, 606, 607, 608, 609, 610, 611, 613, 614, 615, 616, 618, 620, 627, 634, 635, 637, 638, 639, 640, 647, 649, 651, 653, 655, 657, 659, 661, 665, 675, 676, 678, 679], "summary": {"covered_lines": 202, "num_statements": 269, "percent_covered": 75.09293680297398, "percent_covered_display": "75", "missing_lines": 67, "excluded_lines": 0}, "missing_lines": [79, 80, 217, 241, 243, 244, 245, 246, 247, 277, 278, 279, 280, 281, 306, 307, 310, 311, 314, 315, 318, 319, 322, 323, 349, 350, 351, 352, 353, 371, 397, 398, 399, 400, 401, 431, 432, 433, 434, 435, 464, 493, 498, 499, 500, 501, 502, 529, 530, 531, 532, 533, 534, 559, 560, 578, 579, 580, 581, 582, 643, 644, 645, 663, 697, 698, 699], "excluded_lines": [], "functions": {"FalkorDBLiteBackend.__init__": {"executed_lines": [52, 53, 54, 56, 57, 59, 60, 61, 62, 63], "summary": {"covered_lines": 10, "num_statements": 10, "percent_covered": 100.0, "percent_covered_display": "100", "missing_lines": 0, "excluded_lines": 0}, "missing_lines": [], "excluded_lines": []}, "FalkorDBLiteBackend.connect": {"executed_lines": [75, 77, 78, 86, 89, 90, 92, 93, 95, 96, 97], "summary": {"covered_lines": 11, "num_statements": 13, "percent_covered": 84.61538461538461, "percent_covered_display": "85", "missing_lines": 2, "excluded_lines": 0}, "missing_lines": [79, 80], "excluded_lines": []}, "FalkorDBLiteBackend.disconnect": {"executed_lines": [101, 103, 104, 105, 106], "summary": {"covered_lines": 5, "num_statements": 5, "percent_covered": 100.0, "percent_covered_display": "100", "missing_lines": 0, "excluded_lines": 0}, "missing_lines": [], "excluded_lines": []}, "FalkorDBLiteBackend.execute_query": {"executed_lines": [128, 129, 131, 133, 135, 138, 139, 140, 142, 144, 145, 146], "summary": {"covered_lines": 12, "num_statements": 12, "percent_covered": 100.0, "percent_covered_display": "100", "missing_lines": 0, "excluded_lines": 0}, "missing_lines": [], "excluded_lines": []}, "FalkorDBLiteBackend.initialize_schema": {"executed_lines": [155, 158, 163, 171, 172, 179, 180, 183, 184, 185, 186, 187, 189, 191, 192, 193, 194, 195, 197, 199], "summary": {"covered_lines": 20, "num_statements": 20, "percent_covered": 100.0, "percent_covered_display": "100", "missing_lines": 0, "excluded_lines": 0}, "missing_lines": [], "excluded_lines": []}, "FalkorDBLiteBackend.store_memory": {"executed_lines": [215, 216, 219, 222, 223, 225, 231, 237, 238, 239], "summary": {"covered_lines": 10, "num_statements": 17, "percent_covered": 58.8235294117647, "percent_covered_display": "59", "missing_lines": 7, "excluded_lines": 0}, "missing_lines": [217, 241, 243, 244, 245, 246, 247], "excluded_lines": []}, "FalkorDBLiteBackend.get_memory": {"executed_lines": [263, 264, 269, 271, 272, 274, 275], "summary": {"covered_lines": 7, "num_statements": 12, "percent_covered": 58.333333333333336, "percent_covered_display": "58", "missing_lines": 5, "excluded_lines": 0}, "missing_lines": [277, 278, 279, 280, 281], "excluded_lines": []}, "FalkorDBLiteBackend.search_memories": {"executed_lines": [296, 297, 298, 301, 302, 303, 305, 309, 313, 317, 321, 326, 328, 336, 338, 340, 341, 342, 343, 344, 346, 347], "summary": {"covered_lines": 22, "num_statements": 37, "percent_covered": 59.45945945945946, "percent_covered_display": "59", "missing_lines": 15, "excluded_lines": 0}, "missing_lines": [306, 307, 310, 311, 314, 315, 318, 319, 322, 323, 349, 350, 351, 352, 353], "excluded_lines": []}, "FalkorDBLiteBackend.update_memory": {"executed_lines": [369, 370, 373, 376, 377, 379, 385, 391, 392, 393, 395], "summary": {"covered_lines": 11, "num_statements": 17, "percent_covered": 64.70588235294117, "percent_covered_display": "65", "missing_lines": 6, "excluded_lines": 0}, "missing_lines": [371, 397, 398, 399, 400, 401], "excluded_lines": []}, "FalkorDBLiteBackend.delete_memory": {"executed_lines": [416, 417, 423, 425, 426, 427, 429], "summary": {"covered_lines": 7, "num_statements": 12, "percent_covered": 58.333333333333336, "percent_covered_display": "58", "missing_lines": 5, "excluded_lines": 0}, "missing_lines": [431, 432, 433, 434, 435], "excluded_lines": []}, "FalkorDBLiteBackend.create_relationship": {"executed_lines": [460, 461, 463, 467, 468, 469, 470, 472, 479, 489, 490, 491], "summary": {"covered_lines": 12, "num_statements": 19, "percent_covered": 63.1578947368421, "percent_covered_display": "63", "missing_lines": 7, "excluded_lines": 0}, "missing_lines": [464, 493, 498, 499, 500, 501, 502], "excluded_lines": []}, "FalkorDBLiteBackend.get_related_memories": {"executed_lines": [524, 526, 527, 536, 548, 550, 551, 552, 553, 554, 555, 557, 558, 562, 573, 575, 576], "summary": {"covered_lines": 17, "num_statements": 30, "percent_covered": 56.666666666666664, "percent_covered_display": "57", "missing_lines": 13, "excluded_lines": 0}, "missing_lines": [529, 530, 531, 532, 533, 534, 559, 560, 578, 579, 580, 581, 582], "excluded_lines": []}, "FalkorDBLiteBackend.get_memory_statistics": {"executed_lines": [594, 606, 607, 608, 609, 610, 611, 613, 614, 615, 616, 618], "summary": {"covered_lines": 12, "num_statements": 12, "percent_covered": 100.0, "percent_covered_display": "100", "missing_lines": 0, "excluded_lines": 0}, "missing_lines": [], "excluded_lines": []}, "FalkorDBLiteBackend.health_check": {"executed_lines": [627, 634, 635, 637, 638, 639, 640, 647], "summary": {"covered_lines": 8, "num_statements": 11, "percent_covered": 72.72727272727273, "percent_covered_display": "73", "missing_lines": 3, "excluded_lines": 0}, "missing_lines": [643, 644, 645], "excluded_lines": []}, "FalkorDBLiteBackend.backend_name": {"executed_lines": [651], "summary": {"covered_lines": 1, "num_statements": 1, "percent_covered": 100.0, "percent_covered_display": "100", "missing_lines": 0, "excluded_lines": 0}, "missing_lines": [], "excluded_lines": []}, "FalkorDBLiteBackend.supports_fulltext_search": {"executed_lines": [655], "summary": {"covered_lines": 1, "num_statements": 1, "percent_covered": 100.0, "percent_covered_display": "100", "missing_lines": 0, "excluded_lines": 0}, "missing_lines": [], "excluded_lines": []}, "FalkorDBLiteBackend.supports_transactions": {"executed_lines": [659], "summary": {"covered_lines": 1, "num_statements": 1, "percent_covered": 100.0, "percent_covered_display": "100", "missing_lines": 0, "excluded_lines": 0}, "missing_lines": [], "excluded_lines": []}, "FalkorDBLiteBackend.is_cypher_capable": {"executed_lines": [], "summary": {"covered_lines": 0, "num_statements": 1, "percent_covered": 0.0, "percent_covered_display": "0", "missing_lines": 1, "excluded_lines": 0}, "missing_lines": [663], "excluded_lines": []}, "FalkorDBLiteBackend._falkordblite_to_memory": {"executed_lines": [675, 676], "summary": {"covered_lines": 2, "num_statements": 2, "percent_covered": 100.0, "percent_covered_display": "100", "missing_lines": 0, "excluded_lines": 0}, "missing_lines": [], "excluded_lines": []}, "FalkorDBLiteBackend.create": {"executed_lines": [], "summary": {"covered_lines": 0, "num_statements": 3, "percent_covered": 0.0, "percent_covered_display": "0", "missing_lines": 3, "excluded_lines": 0}, "missing_lines": [697, 698, 699], "excluded_lines": []}, "": {"executed_lines": [1, 9, 10, 11, 12, 14, 15, 29, 30, 31, 32, 34, 37, 38, 40, 65, 99, 108, 148, 201, 249, 283, 355, 403, 437, 504, 584, 620, 649, 653, 657, 661, 665, 678, 679], "summary": {"covered_lines": 33, "num_statements": 33, "percent_covered": 100.0, "percent_covered_display": "100", "missing_lines": 0, "excluded_lines": 0}, "missing_lines": [], "excluded_lines": []}}, "classes": {"FalkorDBLiteBackend": {"executed_lines": [52, 53, 54, 56, 57, 59, 60, 61, 62, 63, 75, 77, 78, 86, 89, 90, 92, 93, 95, 96, 97, 101, 103, 104, 105, 106, 128, 129, 131, 133, 135, 138, 139, 140, 142, 144, 145, 146, 155, 158, 163, 171, 172, 179, 180, 183, 184, 185, 186, 187, 189, 191, 192, 193, 194, 195, 197, 199, 215, 216, 219, 222, 223, 225, 231, 237, 238, 239, 263, 264, 269, 271, 272, 274, 275, 296, 297, 298, 301, 302, 303, 305, 309, 313, 317, 321, 326, 328, 336, 338, 340, 341, 342, 343, 344, 346, 347, 369, 370, 373, 376, 377, 379, 385, 391, 392, 393, 395, 416, 417, 423, 425, 426, 427, 429, 460, 461, 463, 467, 468, 469, 470, 472, 479, 489, 490, 491, 524, 526, 527, 536, 548, 550, 551, 552, 553, 554, 555, 557, 558, 562, 573, 575, 576, 594, 606, 607, 608, 609, 610, 611, 613, 614, 615, 616, 618, 627, 634, 635, 637, 638, 639, 640, 647, 651, 655, 659, 675, 676], "summary": {"covered_lines": 169, "num_statements": 236, "percent_covered": 71.61016949152543, "percent_covered_display": "72", "missing_lines": 67, "excluded_lines": 0}, "missing_lines": [79, 80, 217, 241, 243, 244, 245, 246, 247, 277, 278, 279, 280, 281, 306, 307, 310, 311, 314, 315, 318, 319, 322, 323, 349, 350, 351, 352, 353, 371, 397, 398, 399, 400, 401, 431, 432, 433, 434, 435, 464, 493, 498, 499, 500, 501, 502, 529, 530, 531, 532, 533, 534, 559, 560, 578, 579, 580, 581, 582, 643, 644, 645, 663, 697, 698, 699], "excluded_lines": []}, "": {"executed_lines": [1, 9, 10, 11, 12, 14, 15, 29, 30, 31, 32, 34, 37, 38, 40, 65, 99, 108, 148, 201, 249, 283, 355, 403, 437, 504, 584, 620, 649, 653, 657, 661, 665, 678, 679], "summary": {"covered_lines": 33, "num_statements": 33, "percent_covered": 100.0, "percent_covered_display": "100", "missing_lines": 0, "excluded_lines": 0}, "missing_lines": [], "excluded_lines": []}}}, "src/memorygraph/backends/ladybugdb_backend.py": {"executed_lines": [1, 8, 9, 10, 11, 13, 14, 16, 17, 18, 20, 21, 35, 36, 37, 38, 40, 43, 44, 46, 57, 58, 75, 100, 113, 151, 180, 210, 219, 229, 239], "summary": {"covered_lines": 29, "num_statements": 94, "percent_covered": 30.851063829787233, "percent_covered_display": "31", "missing_lines": 65, "excluded_lines": 0}, "missing_lines": [15, 62, 63, 64, 66, 67, 69, 70, 71, 72, 73, 85, 87, 90, 91, 93, 94, 96, 97, 98, 104, 105, 106, 107, 108, 109, 110, 111, 130, 131, 133, 135, 140, 141, 142, 143, 145, 147, 148, 149, 160, 161, 163, 166, 173, 174, 176, 177, 178, 187, 195, 196, 198, 199, 200, 201, 202, 203, 205, 206, 208, 217, 227, 237, 241], "excluded_lines": [], "functions": {"LadybugDBBackend.__init__": {"executed_lines": [57, 58], "summary": {"covered_lines": 2, "num_statements": 12, "percent_covered": 16.666666666666668, "percent_covered_display": "17", "missing_lines": 10, "excluded_lines": 0}, "missing_lines": [62, 63, 64, 66, 67, 69, 70, 71, 72, 73], "excluded_lines": []}, "LadybugDBBackend.connect": {"executed_lines": [], "summary": {"covered_lines": 0, "num_statements": 9, "percent_covered": 0.0, "percent_covered_display": "0", "missing_lines": 9, "excluded_lines": 0}, "missing_lines": [85, 87, 90, 91, 93, 94, 96, 97, 98], "excluded_lines": []}, "LadybugDBBackend.disconnect": {"executed_lines": [], "summary": {"covered_lines": 0, "num_statements": 8, "percent_covered": 0.0, "percent_covered_display": "0", "missing_lines": 8, "excluded_lines": 0}, "missing_lines": [104, 105, 106, 107, 108, 109, 110, 111], "excluded_lines": []}, "LadybugDBBackend.execute_query": {"executed_lines": [], "summary": {"covered_lines": 0, "num_statements": 12, "percent_covered": 0.0, "percent_covered_display": "0", "missing_lines": 12, "excluded_lines": 0}, "missing_lines": [130, 131, 133, 135, 140, 141, 142, 143, 145, 147, 148, 149], "excluded_lines": []}, "LadybugDBBackend.initialize_schema": {"executed_lines": [], "summary": {"covered_lines": 0, "num_statements": 9, "percent_covered": 0.0, "percent_covered_display": "0", "missing_lines": 9, "excluded_lines": 0}, "missing_lines": [160, 161, 163, 166, 173, 174, 176, 177, 178], "excluded_lines": []}, "LadybugDBBackend.health_check": {"executed_lines": [], "summary": {"covered_lines": 0, "num_statements": 12, "percent_covered": 0.0, "percent_covered_display": "0", "missing_lines": 12, "excluded_lines": 0}, "missing_lines": [187, 195, 196, 198, 199, 200, 201, 202, 203, 205, 206, 208], "excluded_lines": []}, "LadybugDBBackend.backend_name": {"executed_lines": [], "summary": {"covered_lines": 0, "num_statements": 1, "percent_covered": 0.0, "percent_covered_display": "0", "missing_lines": 1, "excluded_lines": 0}, "missing_lines": [217], "excluded_lines": []}, "LadybugDBBackend.supports_fulltext_search": {"executed_lines": [], "summary": {"covered_lines": 0, "num_statements": 1, "percent_covered": 0.0, "percent_covered_display": "0", "missing_lines": 1, "excluded_lines": 0}, "missing_lines": [227], "excluded_lines": []}, "LadybugDBBackend.supports_transactions": {"executed_lines": [], "summary": {"covered_lines": 0, "num_statements": 1, "percent_covered": 0.0, "percent_covered_display": "0", "missing_lines": 1, "excluded_lines": 0}, "missing_lines": [237], "excluded_lines": []}, "LadybugDBBackend.is_cypher_capable": {"executed_lines": [], "summary": {"covered_lines": 0, "num_statements": 1, "percent_covered": 0.0, "percent_covered_display": "0", "missing_lines": 1, "excluded_lines": 0}, "missing_lines": [241], "excluded_lines": []}, "": {"executed_lines": [1, 8, 9, 10, 11, 13, 14, 16, 17, 18, 20, 21, 35, 36, 37, 38, 40, 43, 44, 46, 75, 100, 113, 151, 180, 210, 219, 229, 239], "summary": {"covered_lines": 27, "num_statements": 28, "percent_covered": 96.42857142857143, "percent_covered_display": "96", "missing_lines": 1, "excluded_lines": 0}, "missing_lines": [15], "excluded_lines": []}}, "classes": {"LadybugDBBackend": {"executed_lines": [57, 58], "summary": {"covered_lines": 2, "num_statements": 66, "percent_covered": 3.0303030303030303, "percent_covered_display": "3", "missing_lines": 64, "excluded_lines": 0}, "missing_lines": [62, 63, 64, 66, 67, 69, 70, 71, 72, 73, 85, 87, 90, 91, 93, 94, 96, 97, 98, 104, 105, 106, 107, 108, 109, 110, 111, 130, 131, 133, 135, 140, 141, 142, 143, 145, 147, 148, 149, 160, 161, 163, 166, 173, 174, 176, 177, 178, 187, 195, 196, 198, 199, 200, 201, 202, 203, 205, 206, 208, 217, 227, 237, 241], "excluded_lines": []}, "": {"executed_lines": [1, 8, 9, 10, 11, 13, 14, 16, 17, 18, 20, 21, 35, 36, 37, 38, 40, 43, 44, 46, 75, 100, 113, 151, 180, 210, 219, 229, 239], "summary": {"covered_lines": 27, "num_statements": 28, "percent_covered": 96.42857142857143, "percent_covered_display": "96", "missing_lines": 1, "excluded_lines": 0}, "missing_lines": [15], "excluded_lines": []}}}, "src/memorygraph/backends/memgraph_backend.py": {"executed_lines": [1, 9, 10, 11, 13, 14, 15, 17, 18, 19, 21, 24, 25, 27, 47, 48, 49, 50, 51, 52, 54, 64, 67, 69, 78, 83, 86, 89, 90, 91, 93, 101, 139, 140, 151, 152, 168, 194, 251, 284, 288, 298, 302, 306, 307], "summary": {"covered_lines": 43, "num_statements": 120, "percent_covered": 35.833333333333336, "percent_covered_display": "36", "missing_lines": 77, "excluded_lines": 0}, "missing_lines": [79, 80, 81, 84, 85, 87, 88, 95, 96, 97, 98, 99, 121, 122, 124, 127, 129, 130, 133, 134, 135, 136, 137, 142, 143, 145, 146, 147, 149, 164, 165, 166, 186, 187, 188, 192, 201, 204, 210, 220, 221, 228, 229, 232, 233, 234, 235, 236, 238, 239, 241, 242, 243, 244, 245, 246, 247, 249, 258, 265, 266, 268, 269, 270, 271, 277, 278, 279, 280, 282, 286, 296, 300, 304, 329, 330, 331], "excluded_lines": [], "functions": {"MemgraphBackend.__init__": {"executed_lines": [47, 48, 49, 50, 51, 52], "summary": {"covered_lines": 6, "num_statements": 6, "percent_covered": 100.0, "percent_covered_display": "100", "missing_lines": 0, "excluded_lines": 0}, "missing_lines": [], "excluded_lines": []}, "MemgraphBackend.connect": {"executed_lines": [64, 67, 69, 78, 83, 86, 89, 90, 91], "summary": {"covered_lines": 9, "num_statements": 16, "percent_covered": 56.25, "percent_covered_display": "56", "missing_lines": 7, "excluded_lines": 0}, "missing_lines": [79, 80, 81, 84, 85, 87, 88], "excluded_lines": []}, "MemgraphBackend.disconnect": {"executed_lines": [], "summary": {"covered_lines": 0, "num_statements": 5, "percent_covered": 0.0, "percent_covered_display": "0", "missing_lines": 5, "excluded_lines": 0}, "missing_lines": [95, 96, 97, 98, 99], "excluded_lines": []}, "MemgraphBackend.execute_query": {"executed_lines": [], "summary": {"covered_lines": 0, "num_statements": 11, "percent_covered": 0.0, "percent_covered_display": "0", "missing_lines": 11, "excluded_lines": 0}, "missing_lines": [121, 122, 124, 127, 129, 130, 133, 134, 135, 136, 137], "excluded_lines": []}, "MemgraphBackend._session": {"executed_lines": [], "summary": {"covered_lines": 0, "num_statements": 6, "percent_covered": 0.0, "percent_covered_display": "0", "missing_lines": 6, "excluded_lines": 0}, "missing_lines": [142, 143, 145, 146, 147, 149], "excluded_lines": []}, "MemgraphBackend._run_query_async": {"executed_lines": [], "summary": {"covered_lines": 0, "num_statements": 3, "percent_covered": 0.0, "percent_covered_display": "0", "missing_lines": 3, "excluded_lines": 0}, "missing_lines": [164, 165, 166], "excluded_lines": []}, "MemgraphBackend._adapt_cypher": {"executed_lines": [], "summary": {"covered_lines": 0, "num_statements": 4, "percent_covered": 0.0, "percent_covered_display": "0", "missing_lines": 4, "excluded_lines": 0}, "missing_lines": [186, 187, 188, 192], "excluded_lines": []}, "MemgraphBackend.initialize_schema": {"executed_lines": [], "summary": {"covered_lines": 0, "num_statements": 22, "percent_covered": 0.0, "percent_covered_display": "0", "missing_lines": 22, "excluded_lines": 0}, "missing_lines": [201, 204, 210, 220, 221, 228, 229, 232, 233, 234, 235, 236, 238, 239, 241, 242, 243, 244, 245, 246, 247, 249], "excluded_lines": []}, "MemgraphBackend.health_check": {"executed_lines": [], "summary": {"covered_lines": 0, "num_statements": 12, "percent_covered": 0.0, "percent_covered_display": "0", "missing_lines": 12, "excluded_lines": 0}, "missing_lines": [258, 265, 266, 268, 269, 270, 271, 277, 278, 279, 280, 282], "excluded_lines": []}, "MemgraphBackend.backend_name": {"executed_lines": [], "summary": {"covered_lines": 0, "num_statements": 1, "percent_covered": 0.0, "percent_covered_display": "0", "missing_lines": 1, "excluded_lines": 0}, "missing_lines": [286], "excluded_lines": []}, "MemgraphBackend.supports_fulltext_search": {"executed_lines": [], "summary": {"covered_lines": 0, "num_statements": 1, "percent_covered": 0.0, "percent_covered_display": "0", "missing_lines": 1, "excluded_lines": 0}, "missing_lines": [296], "excluded_lines": []}, "MemgraphBackend.supports_transactions": {"executed_lines": [], "summary": {"covered_lines": 0, "num_statements": 1, "percent_covered": 0.0, "percent_covered_display": "0", "missing_lines": 1, "excluded_lines": 0}, "missing_lines": [300], "excluded_lines": []}, "MemgraphBackend.is_cypher_capable": {"executed_lines": [], "summary": {"covered_lines": 0, "num_statements": 1, "percent_covered": 0.0, "percent_covered_display": "0", "missing_lines": 1, "excluded_lines": 0}, "missing_lines": [304], "excluded_lines": []}, "MemgraphBackend.create": {"executed_lines": [], "summary": {"covered_lines": 0, "num_statements": 3, "percent_covered": 0.0, "percent_covered_display": "0", "missing_lines": 3, "excluded_lines": 0}, "missing_lines": [329, 330, 331], "excluded_lines": []}, "": {"executed_lines": [1, 9, 10, 11, 13, 14, 15, 17, 18, 19, 21, 24, 25, 27, 54, 93, 101, 139, 140, 151, 152, 168, 194, 251, 284, 288, 298, 302, 306, 307], "summary": {"covered_lines": 28, "num_statements": 28, "percent_covered": 100.0, "percent_covered_display": "100", "missing_lines": 0, "excluded_lines": 0}, "missing_lines": [], "excluded_lines": []}}, "classes": {"MemgraphBackend": {"executed_lines": [47, 48, 49, 50, 51, 52, 64, 67, 69, 78, 83, 86, 89, 90, 91], "summary": {"covered_lines": 15, "num_statements": 92, "percent_covered": 16.304347826086957, "percent_covered_display": "16", "missing_lines": 77, "excluded_lines": 0}, "missing_lines": [79, 80, 81, 84, 85, 87, 88, 95, 96, 97, 98, 99, 121, 122, 124, 127, 129, 130, 133, 134, 135, 136, 137, 142, 143, 145, 146, 147, 149, 164, 165, 166, 186, 187, 188, 192, 201, 204, 210, 220, 221, 228, 229, 232, 233, 234, 235, 236, 238, 239, 241, 242, 243, 244, 245, 246, 247, 249, 258, 265, 266, 268, 269, 270, 271, 277, 278, 279, 280, 282, 286, 296, 300, 304, 329, 330, 331], "excluded_lines": []}, "": {"executed_lines": [1, 9, 10, 11, 13, 14, 15, 17, 18, 19, 21, 24, 25, 27, 54, 93, 101, 139, 140, 151, 152, 168, 194, 251, 284, 288, 298, 302, 306, 307], "summary": {"covered_lines": 28, "num_statements": 28, "percent_covered": 100.0, "percent_covered_display": "100", "missing_lines": 0, "excluded_lines": 0}, "missing_lines": [], "excluded_lines": []}}}, "src/memorygraph/backends/neo4j_backend.py": {"executed_lines": [1, 8, 9, 10, 12, 13, 14, 16, 17, 18, 20, 23, 24, 26, 45, 46, 47, 48, 49, 50, 52, 57, 67, 68, 77, 82, 85, 88, 89, 90, 92, 100, 136, 137, 148, 149, 165, 222, 261, 265, 269, 273, 277, 278], "summary": {"covered_lines": 42, "num_statements": 121, "percent_covered": 34.710743801652896, "percent_covered_display": "35", "missing_lines": 79, "excluded_lines": 0}, "missing_lines": [53, 78, 79, 80, 83, 84, 86, 87, 94, 95, 96, 97, 98, 120, 121, 123, 125, 126, 127, 128, 130, 131, 132, 133, 134, 139, 140, 142, 143, 144, 146, 161, 162, 163, 172, 175, 181, 192, 193, 200, 201, 204, 205, 206, 207, 208, 209, 210, 212, 213, 214, 215, 216, 217, 218, 220, 229, 236, 237, 239, 243, 244, 245, 246, 249, 250, 251, 252, 255, 256, 257, 259, 263, 267, 271, 275, 300, 301, 302], "excluded_lines": [], "functions": {"Neo4jBackend.__init__": {"executed_lines": [45, 46, 47, 48, 49, 50, 52], "summary": {"covered_lines": 7, "num_statements": 8, "percent_covered": 87.5, "percent_covered_display": "88", "missing_lines": 1, "excluded_lines": 0}, "missing_lines": [53], "excluded_lines": []}, "Neo4jBackend.connect": {"executed_lines": [67, 68, 77, 82, 85, 88, 89, 90], "summary": {"covered_lines": 8, "num_statements": 15, "percent_covered": 53.333333333333336, "percent_covered_display": "53
[...]
 4, "percent_covered": 100.0, "percent_covered_display": "100", "missing_lines": 0, "excluded_lines": 0}, "missing_lines": [], "excluded_lines": []}}, "classes": {"": {"executed_lines": [1, 2, 5, 7, 10, 12, 13, 14, 15, 18, 20, 21, 22], "summary": {"covered_lines": 12, "num_statements": 12, "percent_covered": 100.0, "percent_covered_display": "100", "missing_lines": 0, "excluded_lines": 0}, "missing_lines": [], "excluded_lines": []}}}, "src/memorygraph/utils/error_handling.py": {"executed_lines": [1, 8, 9, 10, 12, 20, 22, 25, 51, 52, 53, 54, 55, 56, 57, 59, 60, 61, 62, 63, 64, 66, 67, 68, 69, 70, 71, 72, 73, 74, 75, 76, 78, 79, 80, 81, 82, 84, 85, 86, 87, 88, 90, 91, 92, 93, 94, 97, 98, 99, 100, 101, 102, 104, 105, 106, 107, 108, 109, 111, 112, 113, 114, 115, 116, 117, 118, 119, 120, 121, 123, 124, 125, 126, 127, 129, 130, 131, 132, 133, 135, 136, 137, 138, 139, 143, 144, 145, 147, 151], "summary": {"covered_lines": 89, "num_statements": 99, "percent_covered": 89.8989898989899, "percent_covered_display": "90", "missing_lines": 10, "excluded_lines": 0}, "missing_lines": [65, 77, 83, 89, 95, 110, 122, 128, 134, 140], "excluded_lines": [], "functions": {"handle_errors": {"executed_lines": [51, 52, 147], "summary": {"covered_lines": 3, "num_statements": 3, "percent_covered": 100.0, "percent_covered_display": "100", "missing_lines": 0, "excluded_lines": 0}, "missing_lines": [], "excluded_lines": []}, "handle_errors.decorator": {"executed_lines": [53, 97, 98, 143, 144, 145], "summary": {"covered_lines": 6, "num_statements": 6, "percent_covered": 100.0, "percent_covered_display": "100", "missing_lines": 0, "excluded_lines": 0}, "missing_lines": [], "excluded_lines": []}, "handle_errors.decorator.async_wrapper": {"executed_lines": [54, 55, 56, 57, 59, 60, 61, 62, 63, 64, 66, 67, 68, 69, 70, 71, 72, 73, 74, 75, 76, 78, 79, 80, 81, 82, 84, 85, 86, 87, 88, 90, 91, 92, 93, 94], "summary": {"covered_lines": 36, "num_statements": 41, "percent_covered": 87.8048780487805, "percent_covered_display": "88", "missing_lines": 5, "excluded_lines": 0}, "missing_lines": [65, 77, 83, 89, 95], "excluded_lines": []}, "handle_errors.decorator.sync_wrapper": {"executed_lines": [99, 100, 101, 102, 104, 105, 106, 107, 108, 109, 111, 112, 113, 114, 115, 116, 117, 118, 119, 120, 121, 123, 124, 125, 126, 127, 129, 130, 131, 132, 133, 135, 136, 137, 138, 139], "summary": {"covered_lines": 36, "num_statements": 41, "percent_covered": 87.8048780487805, "percent_covered_display": "88", "missing_lines": 5, "excluded_lines": 0}, "missing_lines": [110, 122, 128, 134, 140], "excluded_lines": []}, "": {"executed_lines": [1, 8, 9, 10, 12, 20, 22, 25, 151], "summary": {"covered_lines": 8, "num_statements": 8, "percent_covered": 100.0, "percent_covered_display": "100", "missing_lines": 0, "excluded_lines": 0}, "missing_lines": [], "excluded_lines": []}}, "classes": {"": {"executed_lines": [1, 8, 9, 10, 12, 20, 22, 25, 51, 52, 53, 54, 55, 56, 57, 59, 60, 61, 62, 63, 64, 66, 67, 68, 69, 70, 71, 72, 73, 74, 75, 76, 78, 79, 80, 81, 82, 84, 85, 86, 87, 88, 90, 91, 92, 93, 94, 97, 98, 99, 100, 101, 102, 104, 105, 106, 107, 108, 109, 111, 112, 113, 114, 115, 116, 117, 118, 119, 120, 121, 123, 124, 125, 126, 127, 129, 130, 131, 132, 133, 135, 136, 137, 138, 139, 143, 144, 145, 147, 151], "summary": {"covered_lines": 89, "num_statements": 99, "percent_covered": 89.8989898989899, "percent_covered_display": "90", "missing_lines": 10, "excluded_lines": 0}, "missing_lines": [65, 77, 83, 89, 95, 110, 122, 128, 134, 140], "excluded_lines": []}}}, "src/memorygraph/utils/export_import.py": {"executed_lines": [1, 8, 9, 10, 11, 12, 14, 18, 20, 24, 27, 28, 30, 40, 50, 64, 66, 67, 68, 73, 75, 77, 78, 89, 94, 97, 118, 121, 123, 124, 126, 128, 129, 131, 134, 136, 139, 140, 141, 155, 156, 157, 159, 160, 161, 163, 166, 167, 168, 173, 185, 186, 188, 189, 191, 193, 201, 230, 231, 234, 238, 239, 242, 245, 246, 247, 248, 252, 253, 254, 255, 256, 258, 260, 264, 265, 266, 267, 268, 270, 271, 272, 275, 276, 278, 279, 280, 281, 282, 283, 284, 285, 288, 300, 301, 302, 305, 306, 308, 309, 316, 317, 318, 320, 321, 323, 324, 326, 327, 328, 329, 332, 333, 340, 346, 352, 357, 365, 382, 385, 386, 387, 389, 391, 392, 394, 396, 397, 398, 401, 404, 417, 418, 419, 420, 422, 425, 426, 429, 435, 436, 437, 440, 441, 442, 443, 446, 449, 450, 452], "summary": {"covered_lines": 147, "num_statements": 170, "percent_covered": 86.47058823529412, "percent_covered_display": "86", "missing_lines": 23, "excluded_lines": 3}, "missing_lines": [38, 47, 90, 91, 92, 169, 170, 235, 240, 249, 257, 261, 311, 312, 313, 348, 349, 350, 421, 423, 430, 431, 432], "excluded_lines": [20, 21, 22], "functions": {"MemoryDatabaseProtocol.get_related_memories": {"executed_lines": [], "summary": {"covered_lines": 0, "num_statements": 1, "percent_covered": 0.0, "percent_covered_display": "0", "missing_lines": 1, "excluded_lines": 0}, "missing_lines": [38], "excluded_lines": []}, "MemoryDatabaseProtocol.search_memories": {"executed_lines": [], "summary": {"covered_lines": 0, "num_statements": 1, "percent_covered": 0.0, "percent_covered_display": "0", "missing_lines": 1, "excluded_lines": 0}, "missing_lines": [47], "excluded_lines": []}, "_export_relationships": {"executed_lines": [64, 66, 67, 68, 73, 75, 77, 78, 89, 94], "summary": {"covered_lines": 10, "num_statements": 13, "percent_covered": 76.92307692307692, "percent_covered_display": "77", "missing_lines": 3, "excluded_lines": 0}, "missing_lines": [90, 91, 92], "excluded_lines": []}, "export_to_json": {"executed_lines": [118, 121, 123, 128, 129, 131, 134, 136, 139, 140, 141, 155, 156, 157, 159, 160, 161, 163, 166, 167, 168, 173, 185, 186, 188, 189, 191, 193], "summary": {"covered_lines": 28, "num_statements": 30, "percent_covered": 93.33333333333333, "percent_covered_display": "93", "missing_lines": 2, "excluded_lines": 0}, "missing_lines": [169, 170], "excluded_lines": []}, "export_to_json.progress_reporter": {"executed_lines": [124, 126], "summary": {"covered_lines": 2, "num_statements": 2, "percent_covered": 100.0, "percent_covered_display": "100", "missing_lines": 0, "excluded_lines": 0}, "missing_lines": [], "excluded_lines": []}, "import_from_json": {"executed_lines": [230, 231, 234, 238, 239, 242, 245, 246, 247, 248, 252, 253, 254, 255, 256, 258, 260, 264, 265, 266, 267, 268, 270, 271, 272, 275, 276, 278, 279, 280, 281, 282, 283, 284, 285, 288, 300, 301, 302, 305, 306, 308, 309, 316, 317, 318, 320, 321, 323, 324, 326, 327, 328, 329, 332, 333, 340, 346, 352, 357], "summary": {"covered_lines": 60, "num_statements": 71, "percent_covered": 84.50704225352112, "percent_covered_display": "85", "missing_lines": 11, "excluded_lines": 0}, "missing_lines": [235, 240, 249, 257, 261, 311, 312, 313, 348, 349, 350], "excluded_lines": []}, "export_to_markdown": {"executed_lines": [382, 385, 386, 387, 389, 391, 392, 394, 396, 397, 398, 401, 404, 417, 418, 419, 420, 422, 425, 426, 429, 435, 436, 437, 440, 441, 442, 443, 446, 449, 450, 452], "summary": {"covered_lines": 32, "num_statements": 37, "percent_covered": 86.48648648648648, "percent_covered_display": "86", "missing_lines": 5, "excluded_lines": 0}, "missing_lines": [421, 423, 430, 431, 432], "excluded_lines": []}, "": {"executed_lines": [1, 8, 9, 10, 11, 12, 14, 18, 20, 24, 27, 28, 30, 40, 50, 97, 201, 365], "summary": {"covered_lines": 15, "num_statements": 15, "percent_covered": 100.0, "percent_covered_display": "100", "missing_lines": 0, "excluded_lines": 3}, "missing_lines": [], "excluded_lines": [20, 21, 22]}}, "classes": {"MemoryDatabaseProtocol": {"executed_lines": [], "summary": {"covered_lines": 0, "num_statements": 2, "percent_covered": 0.0, "percent_covered_display": "0", "missing_lines": 2, "excluded_lines": 0}, "missing_lines": [38, 47], "excluded_lines": []}, "": {"executed_lines": [1, 8, 9, 10, 11, 12, 14, 18, 20, 24, 27, 28, 30, 40, 50, 64, 66, 67, 68, 73, 75, 77, 78, 89, 94, 97, 118, 121, 123, 124, 126, 128, 129, 131, 134, 136, 139, 140, 141, 155, 156, 157, 159, 160, 161, 163, 166, 167, 168, 173, 185, 186, 188, 189, 191, 193, 201, 230, 231, 234, 238, 239, 242, 245, 246, 247, 248, 252, 253, 254, 255, 256, 258, 260, 264, 265, 266, 267, 268, 270, 271, 272, 275, 276, 278, 279, 280, 281, 282, 283, 284, 285, 288, 300, 301, 302, 305, 306, 308, 309, 316, 317, 318, 320, 321, 323, 324, 326, 327, 328, 329, 332, 333, 340, 346, 352, 357, 365, 382, 385, 386, 387, 389, 391, 392, 394, 396, 397, 398, 401, 404, 417, 418, 419, 420, 422, 425, 426, 429, 435, 436, 437, 440, 441, 442, 443, 446, 449, 450, 452], "summary": {"covered_lines": 147, "num_statements": 168, "percent_covered": 87.5, "percent_covered_display": "88", "missing_lines": 21, "excluded_lines": 3}, "missing_lines": [90, 91, 92, 169, 170, 235, 240, 249, 257, 261, 311, 312, 313, 348, 349, 350, 421, 423, 430, 431, 432], "excluded_lines": [20, 21, 22]}}}, "src/memorygraph/utils/graph_algorithms.py": {"executed_lines": [1, 8, 9, 10, 12, 15, 49, 50, 51, 54, 56, 68, 69, 70, 73, 74, 77, 78, 82, 85, 87, 89, 96, 102, 108, 109, 110, 112, 114, 115, 116, 119, 121, 122, 127, 132, 135, 151, 154, 155, 159, 163, 166, 170, 174, 175, 176, 177, 180, 200], "summary": {"covered_lines": 48, "num_statements": 48, "percent_covered": 100.0, "percent_covered_display": "100", "missing_lines": 0, "excluded_lines": 1}, "missing_lines": [], "excluded_lines": [200], "functions": {"has_cycle": {"executed_lines": [49, 50, 51, 54, 56, 119, 121, 122, 127, 132], "summary": {"covered_lines": 10, "num_statements": 10, "percent_covered": 100.0, "percent_covered_display": "100", "missing_lines": 0, "excluded_lines": 0}, "missing_lines": [], "excluded_lines": []}, "has_cycle.dfs": {"executed_lines": [68, 69, 70, 73, 74, 77, 78, 82, 85, 87, 89, 96, 102, 108, 109, 110, 112, 114, 115, 116], "summary": {"covered_lines": 20, "num_statements": 20, "percent_covered": 100.0, "percent_covered_display": "100", "missing_lines": 0, "excluded_lines": 0}, "missing_lines": [], "excluded_lines": []}, "_get_outgoing_relationships": {"executed_lines": [151, 154, 155, 159, 163, 166, 170, 174, 175, 176, 177], "summary": {"covered_lines": 11, "num_statements": 11, "percent_covered": 100.0, "percent_covered_display": "100", "missing_lines": 0, "excluded_lines": 0}, "missing_lines": [], "excluded_lines": []}, "find_all_cycles": {"executed_lines": [200], "summary": {"covered_lines": 0, "num_statements": 0, "percent_covered": 100.0, "percent_covered_display": "100", "missing_lines": 0, "excluded_lines": 1}, "missing_lines": [], "excluded_lines": [200]}, "": {"executed_lines": [1, 8, 9, 10, 12, 15, 135, 180], "summary": {"covered_lines": 7, "num_statements": 7, "percent_covered": 100.0, "percent_covered_display": "100", "missing_lines": 0, "excluded_lines": 0}, "missing_lines": [], "excluded_lines": []}}, "classes": {"": {"executed_lines": [1, 8, 9, 10, 12, 15, 49, 50, 51, 54, 56, 68, 69, 70, 73, 74, 77, 78, 82, 85, 87, 89, 96, 102, 108, 109, 110, 112, 114, 115, 116, 119, 121, 122, 127, 132, 135, 151, 154, 155, 159, 163, 166, 170, 174, 175, 176, 177, 180, 200], "summary": {"covered_lines": 48, "num_statements": 48, "percent_covered": 100.0, "percent_covered_display": "100", "missing_lines": 0, "excluded_lines": 1}, "missing_lines": [], "excluded_lines": [200]}}}, "src/memorygraph/utils/memory_parser.py": {"executed_lines": [1, 3, 4, 5, 6, 8, 10, 13, 29, 31, 47, 48, 51, 52, 53, 55, 57, 58, 59, 62, 64, 65, 66, 69, 71, 72, 73, 74, 77, 78, 79, 82, 83, 84, 85, 86, 88, 91, 92, 94], "summary": {"covered_lines": 39, "num_statements": 41, "percent_covered": 95.1219512195122, "percent_covered_display": "95", "missing_lines": 2, "excluded_lines": 0}, "missing_lines": [80, 81], "excluded_lines": [], "functions": {"parse_memory_from_properties": {"executed_lines": [29, 31, 47, 48, 51, 52, 53, 55, 57, 58, 59], "summary": {"covered_lines": 11, "num_statements": 11, "percent_covered": 100.0, "percent_covered_display": "100", "missing_lines": 0, "excluded_lines": 0}, "missing_lines": [], "excluded_lines": []}, "_parse_datetime": {"executed_lines": [64, 65, 66], "summary": {"covered_lines": 3, "num_statements": 3, "percent_covered": 100.0, "percent_covered_display": "100", "missing_lines": 0, "excluded_lines": 0}, "missing_lines": [], "excluded_lines": []}, "_extract_context": {"executed_lines": [71, 72, 73, 74, 77, 78, 79, 82, 83, 84, 85, 86, 88, 91, 92, 94], "summary": {"covered_lines": 16, "num_statements": 18, "percent_covered": 88.88888888888889, "percent_covered_display": "89", "missing_lines": 2, "excluded_lines": 0}, "missing_lines": [80, 81], "excluded_lines": []}, "": {"executed_lines": [1, 3, 4, 5, 6, 8, 10, 13, 62, 69], "summary": {"covered_lines": 9, "num_statements": 9, "percent_covered": 100.0, "percent_covered_display": "100", "missing_lines": 0, "excluded_lines": 0}, "missing_lines": [], "excluded_lines": []}}, "classes": {"": {"executed_lines": [1, 3, 4, 5, 6, 8, 10, 13, 29, 31, 47, 48, 51, 52, 53, 55, 57, 58, 59, 62, 64, 65, 66, 69, 71, 72, 73, 74, 77, 78, 79, 82, 83, 84, 85, 86, 88, 91, 92, 94], "summary": {"covered_lines": 39, "num_statements": 41, "percent_covered": 95.1219512195122, "percent_covered_display": "95", "missing_lines": 2, "excluded_lines": 0}, "missing_lines": [80, 81], "excluded_lines": []}}}, "src/memorygraph/utils/pagination.py": {"executed_lines": [1, 8, 9, 11, 13, 16, 40, 41, 43, 44, 52, 53, 54, 55, 58, 59, 61, 62, 63, 65, 66, 68, 69, 71, 74, 84, 87, 88, 89, 92, 93, 94, 95, 98, 108, 109, 111, 112, 113, 114, 115, 117, 122, 123, 124, 125, 126, 127, 129, 132, 146, 147, 148, 149], "summary": {"covered_lines": 53, "num_statements": 53, "percent_covered": 100.0, "percent_covered_display": "100", "missing_lines": 0, "excluded_lines": 0}, "missing_lines": [], "excluded_lines": [], "functions": {"paginate_memories": {"executed_lines": [40, 41, 43, 44, 52, 53, 54, 55, 58, 59, 61, 62, 63, 65, 66, 68, 69, 71], "summary": {"covered_lines": 18, "num_statements": 18, "percent_covered": 100.0, "percent_covered_display": "100", "missing_lines": 0, "excluded_lines": 0}, "missing_lines": [], "excluded_lines": []}, "count_memories": {"executed_lines": [84, 87, 88, 89, 92, 93, 94, 95], "summary": {"covered_lines": 8, "num_statements": 8, "percent_covered": 100.0, "percent_covered_display": "100", "missing_lines": 0, "excluded_lines": 0}, "missing_lines": [], "excluded_lines": []}, "count_relationships": {"executed_lines": [108, 109, 111, 112, 113, 114, 115, 117, 122, 123, 124, 125, 126, 127, 129], "summary": {"covered_lines": 15, "num_statements": 15, "percent_covered": 100.0, "percent_covered_display": "100", "missing_lines": 0, "excluded_lines": 0}, "missing_lines": [], "excluded_lines": []}, "get_all_memories": {"executed_lines": [146, 147, 148, 149], "summary": {"covered_lines": 4, "num_statements": 4, "percent_covered": 100.0, "percent_covered_display": "100", "missing_lines": 0, "excluded_lines": 0}, "missing_lines": [], "excluded_lines": []}, "": {"executed_lines": [1, 8, 9, 11, 13, 16, 74, 98, 132], "summary": {"covered_lines": 8, "num_statements": 8, "percent_covered": 100.0, "percent_covered_display": "100", "missing_lines": 0, "excluded_lines": 0}, "missing_lines": [], "excluded_lines": []}}, "classes": {"": {"executed_lines": [1, 8, 9, 11, 13, 16, 40, 41, 43, 44, 52, 53, 54, 55, 58, 59, 61, 62, 63, 65, 66, 68, 69, 71, 74, 84, 87, 88, 89, 92, 93, 94, 95, 98, 108, 109, 111, 112, 113, 114, 115, 117, 122, 123, 124, 125, 126, 127, 129, 132, 146, 147, 148, 149], "summary": {"covered_lines": 53, "num_statements": 53, "percent_covered": 100.0, "percent_covered_display": "100", "missing_lines": 0, "excluded_lines": 0}, "missing_lines": [], "excluded_lines": []}}}, "src/memorygraph/utils/project_detection.py": {"executed_lines": [1, 7, 8, 9, 10, 12, 15, 31, 32, 34, 36, 42, 43, 44, 45, 46, 49, 50, 52, 55, 65, 67, 75, 76, 79, 87, 88, 90, 91, 93, 99, 100, 108, 109, 110, 111, 113, 115, 116, 117, 120, 133], "summary": {"covered_lines": 41, "num_statements": 41, "percent_covered": 100.0, "percent_covered_display": "100", "missing_lines": 0, "excluded_lines": 0}, "missing_lines": [], "excluded_lines": [], "functions": {"detect_project_context": {"executed_lines": [31, 32, 34, 36, 42, 43, 44, 45, 46, 49, 50, 52], "summary": {"covered_lines": 12, "num_statements": 12, "percent_covered": 100.0, "percent_covered_display": "100", "missing_lines": 0, "excluded_lines": 0}, "missing_lines": [], "excluded_lines": []}, "_detect_from_git": {"executed_lines": [65, 67, 75, 76, 79, 87, 88, 90, 91, 93, 99, 100, 108, 109, 110, 111, 113, 115, 116, 117], "summary": {"covered_lines": 20, "num_statements": 20, "percent_covered": 100.0, "percent_covered_display": "100", "missing_lines": 0, "excluded_lines": 0}, "missing_lines": [], "excluded_lines": []}, "get_project_from_memories": {"executed_lines": [133], "summary": {"covered_lines": 1, "num_statements": 1, "percent_covered": 100.0, "percent_covered_display": "100", "missing_lines": 0, "excluded_lines": 0}, "missing_lines": [], "excluded_lines": []}, "": {"executed_lines": [1, 7, 8, 9, 10, 12, 15, 55, 120], "summary": {"covered_lines": 8, "num_statements": 8, "percent_covered": 100.0, "percent_covered_display": "100", "missing_lines": 0, "excluded_lines": 0}, "missing_lines": [], "excluded_lines": []}}, "classes": {"": {"executed_lines": [1, 7, 8, 9, 10, 12, 15, 31, 32, 34, 36, 42, 43, 44, 45, 46, 49, 50, 52, 55, 65, 67, 75, 76, 79, 87, 88, 90, 91, 93, 99, 100, 108, 109, 110, 111, 113, 115, 116, 117, 120, 133], "summary": {"covered_lines": 41, "num_statements": 41, "percent_covered": 100.0, "percent_covered_display": "100", "missing_lines": 0, "excluded_lines": 0}, "missing_lines": [], "excluded_lines": []}}}, "src/memorygraph/utils/validation.py": {"executed_lines": [1, 2, 5, 6, 7, 8, 9, 10, 11, 13, 14, 15, 17, 19, 20, 21, 23, 24, 25, 27, 28, 29, 31, 32, 33, 34, 35, 36, 37, 38, 39, 41, 43, 44, 45, 47, 49, 50, 51], "summary": {"covered_lines": 37, "num_statements": 37, "percent_covered": 100.0, "percent_covered_display": "100", "missing_lines": 0, "excluded_lines": 0}, "missing_lines": [], "excluded_lines": [], "functions": {"validate_memory_input": {"executed_lines": [19, 20, 21, 23, 24, 25, 27, 28, 29, 31, 32, 33, 34, 35, 36, 37, 38, 39], "summary": {"covered_lines": 18, "num_statements": 18, "percent_covered": 100.0, "percent_covered_display": "100", "missing_lines": 0, "excluded_lines": 0}, "missing_lines": [], "excluded_lines": []}, "validate_search_input": {"executed_lines": [43, 44, 45], "summary": {"covered_lines": 3, "num_statements": 3, "percent_covered": 100.0, "percent_covered_display": "100", "missing_lines": 0, "excluded_lines": 0}, "missing_lines": [], "excluded_lines": []}, "validate_relationship_input": {"executed_lines": [49, 50, 51], "summary": {"covered_lines": 3, "num_statements": 3, "percent_covered": 100.0, "percent_covered_display": "100", "missing_lines": 0, "excluded_lines": 0}, "missing_lines": [], "excluded_lines": []}, "": {"executed_lines": [1, 2, 5, 6, 7, 8, 9, 10, 11, 13, 14, 15, 17, 41, 47], "summary": {"covered_lines": 13, "num_statements": 13, "percent_covered": 100.0, "percent_covered_display": "100", "missing_lines": 0, "excluded_lines": 0}, "missing_lines": [], "excluded_lines": []}}, "classes": {"ValidationError": {"executed_lines": [], "summary": {"covered_lines": 0, "num_statements": 0, "percent_covered": 100.0, "percent_covered_display": "100", "missing_lines": 0, "excluded_lines": 0}, "missing_lines": [], "excluded_lines": []}, "": {"executed_lines": [1, 2, 5, 6, 7, 8, 9, 10, 11, 13, 14, 15, 17, 19, 20, 21, 23, 24, 25, 27, 28, 29, 31, 32, 33, 34, 35, 36, 37, 38, 39, 41, 43, 44, 45, 47, 49, 50, 51], "summary": {"covered_lines": 37, "num_statements": 37, "percent_covered": 100.0, "percent_covered_display": "100", "missing_lines": 0, "excluded_lines": 0}, "missing_lines": [], "excluded_lines": []}}}}, "totals": {"covered_lines": 6248, "num_statements": 7487, "percent_covered": 83.45131561373047, "percent_covered_display": "83", "missing_lines": 1239, "excluded_lines": 126}}